Fatal error:
Unknown exception occurred: java.lang.OutOfMemoryError: Java heap space
	at edu.mit.csail.sdg.alloy4compiler.translator.TranslateAlloyToKodkod.execute_command(TranslateAlloyToKodkod.java:397)
	at usi.gui.semantic.alloy.AlloyUtil$1Run_command_thread.run(AlloyUtil.java:253)
Caused by: java.lang.OutOfMemoryError: Java heap space
	at org.sat4j.minisat.constraints.cnf.Lits.init(Unknown Source)
	at org.sat4j.minisat.constraints.cnf.Lits.ensurePool(Unknown Source)
	at org.sat4j.minisat.core.Solver.newVar(Unknown Source)
	at kodkod.engine.satlab.SAT4J.addVariables(SAT4J.java:82)
	at kodkod.engine.fol2sat.Bool2CNFTranslator.<init>(Bool2CNFTranslator.java:93)
	at kodkod.engine.fol2sat.Bool2CNFTranslator.translate(Bool2CNFTranslator.java:56)
	at kodkod.engine.fol2sat.Translator.toCNF(Translator.java:426)
	at kodkod.engine.fol2sat.Translator.flatten(Translator.java:408)
	at kodkod.engine.fol2sat.Translator.generateSBP(Translator.java:383)
	at kodkod.engine.fol2sat.Translator.toBoolean(Translator.java:349)
	at kodkod.engine.fol2sat.Translator.translate(Translator.java:189)
	at kodkod.engine.fol2sat.Translator.translate(Translator.java:143)
	at kodkod.engine.Solver$SolutionIterator.next(Solver.java:495)
	at kodkod.engine.Solver$SolutionIterator.next(Solver.java:1)
	at edu.mit.csail.sdg.alloy4compiler.translator.A4Solution$Peeker.<init>(A4Solution.java:719)
	at edu.mit.csail.sdg.alloy4compiler.translator.A4Solution$Peeker.<init>(A4Solution.java:709)
	at edu.mit.csail.sdg.alloy4compiler.translator.A4Solution.solve(A4Solution.java:941)
	at edu.mit.csail.sdg.alloy4compiler.translator.TranslateAlloyToKodkod.execute_command(TranslateAlloyToKodkod.java:388)
	... 1 more
java.lang.Exception: AlloyUtil - runCommand: error in thread.
	at usi.gui.semantic.alloy.AlloyUtil.runCommand(AlloyUtil.java:283)
	at usi.testcase.AlloyTestCaseGenerator$RunCommandThread.run(AlloyTestCaseGenerator.java:932)
Fatal error:
Unknown exception occurred: java.lang.OutOfMemoryError: Java heap space
	at edu.mit.csail.sdg.alloy4compiler.translator.TranslateAlloyToKodkod.execute_command(TranslateAlloyToKodkod.java:397)
	at usi.gui.semantic.alloy.AlloyUtil$1Run_command_thread.run(AlloyUtil.java:253)
Caused by: java.lang.OutOfMemoryError: Java heap space
	at org.sat4j.minisat.constraints.cnf.Lits.getFromPool(Unknown Source)
	at org.sat4j.minisat.core.Solver.dimacs2internal(Unknown Source)
	at org.sat4j.minisat.core.Solver.addClause(Unknown Source)
	at kodkod.engine.satlab.SAT4J.addClause(SAT4J.java:94)
	at kodkod.engine.fol2sat.Bool2CNFTranslator.visit(Bool2CNFTranslator.java:139)
	at kodkod.engine.fol2sat.Bool2CNFTranslator.visit(Bool2CNFTranslator.java:1)
	at kodkod.engine.bool.MultiGate.accept(MultiGate.java:81)
	at kodkod.engine.fol2sat.Bool2CNFTranslator.visit(Bool2CNFTranslator.java:137)
	at kodkod.engine.fol2sat.Bool2CNFTranslator.visit(Bool2CNFTranslator.java:1)
	at kodkod.engine.bool.MultiGate.accept(MultiGate.java:81)
	at kodkod.engine.fol2sat.Bool2CNFTranslator.visit(Bool2CNFTranslator.java:137)
	at kodkod.engine.fol2sat.Bool2CNFTranslator.visit(Bool2CNFTranslator.java:1)
	at kodkod.engine.bool.MultiGate.accept(MultiGate.java:81)
	at kodkod.engine.fol2sat.Bool2CNFTranslator.visit(Bool2CNFTranslator.java:191)
	at kodkod.engine.fol2sat.Bool2CNFTranslator.visit(Bool2CNFTranslator.java:1)
	at kodkod.engine.bool.NotGate.accept(NotGate.java:111)
	at kodkod.engine.fol2sat.Bool2CNFTranslator.visit(Bool2CNFTranslator.java:137)
	at kodkod.engine.fol2sat.Bool2CNFTranslator.visit(Bool2CNFTranslator.java:1)
	at kodkod.engine.bool.MultiGate.accept(MultiGate.java:81)
	at kodkod.engine.fol2sat.Bool2CNFTranslator.visit(Bool2CNFTranslator.java:137)
	at kodkod.engine.fol2sat.Bool2CNFTranslator.visit(Bool2CNFTranslator.java:1)
	at kodkod.engine.bool.MultiGate.accept(MultiGate.java:81)
	at kodkod.engine.fol2sat.Bool2CNFTranslator.visit(Bool2CNFTranslator.java:137)
	at kodkod.engine.fol2sat.Bool2CNFTranslator.visit(Bool2CNFTranslator.java:1)
	at kodkod.engine.bool.MultiGate.accept(MultiGate.java:81)
	at kodkod.engine.fol2sat.Bool2CNFTranslator.visit(Bool2CNFTranslator.java:137)
	at kodkod.engine.fol2sat.Bool2CNFTranslator.visit(Bool2CNFTranslator.java:1)
	at kodkod.engine.bool.MultiGate.accept(MultiGate.java:81)
	at kodkod.engine.fol2sat.Bool2CNFTranslator.visit(Bool2CNFTranslator.java:137)
	at kodkod.engine.fol2sat.Bool2CNFTranslator.visit(Bool2CNFTranslator.java:1)
	at kodkod.engine.bool.MultiGate.accept(MultiGate.java:81)
	at kodkod.engine.fol2sat.Bool2CNFTranslator.visit(Bool2CNFTranslator.java:137)
java.lang.Exception: AlloyUtil - runCommand: error in thread.
	at usi.gui.semantic.alloy.AlloyUtil.runCommand(AlloyUtil.java:283)
	at usi.testcase.AlloyTestCaseGenerator$RunCommandThread.run(AlloyTestCaseGenerator.java:932)
Fatal error:
Unknown exception occurred: java.lang.OutOfMemoryError: Java heap space
	at edu.mit.csail.sdg.alloy4compiler.translator.TranslateAlloyToKodkod.execute_command(TranslateAlloyToKodkod.java:397)
	at usi.gui.semantic.alloy.AlloyUtil$1Run_command_thread.run(AlloyUtil.java:253)
Caused by: java.lang.OutOfMemoryError: Java heap space
	at org.sat4j.core.Vec.ensure(Unknown Source)
	at org.sat4j.core.Vec.push(Unknown Source)
	at org.sat4j.minisat.core.Solver.addConstr(Unknown Source)
	at org.sat4j.minisat.core.Solver.addClause(Unknown Source)
	at kodkod.engine.satlab.SAT4J.addClause(SAT4J.java:94)
	at kodkod.engine.fol2sat.Bool2CNFTranslator.visit(Bool2CNFTranslator.java:139)
	at kodkod.engine.fol2sat.Bool2CNFTranslator.visit(Bool2CNFTranslator.java:1)
	at kodkod.engine.bool.MultiGate.accept(MultiGate.java:81)
	at kodkod.engine.fol2sat.Bool2CNFTranslator.visit(Bool2CNFTranslator.java:137)
	at kodkod.engine.fol2sat.Bool2CNFTranslator.visit(Bool2CNFTranslator.java:1)
	at kodkod.engine.bool.MultiGate.accept(MultiGate.java:81)
	at kodkod.engine.fol2sat.Bool2CNFTranslator.visit(Bool2CNFTranslator.java:137)
	at kodkod.engine.fol2sat.Bool2CNFTranslator.visit(Bool2CNFTranslator.java:1)
	at kodkod.engine.bool.MultiGate.accept(MultiGate.java:81)
	at kodkod.engine.fol2sat.Bool2CNFTranslator.visit(Bool2CNFTranslator.java:191)
	at kodkod.engine.fol2sat.Bool2CNFTranslator.visit(Bool2CNFTranslator.java:1)
	at kodkod.engine.bool.NotGate.accept(NotGate.java:111)
	at kodkod.engine.fol2sat.Bool2CNFTranslator.visit(Bool2CNFTranslator.java:137)
	at kodkod.engine.fol2sat.Bool2CNFTranslator.visit(Bool2CNFTranslator.java:1)
	at kodkod.engine.bool.MultiGate.accept(MultiGate.java:81)
	at kodkod.engine.fol2sat.Bool2CNFTranslator.visit(Bool2CNFTranslator.java:137)
	at kodkod.engine.fol2sat.Bool2CNFTranslator.visit(Bool2CNFTranslator.java:1)
	at kodkod.engine.bool.MultiGate.accept(MultiGate.java:81)
	at kodkod.engine.fol2sat.Bool2CNFTranslator.visit(Bool2CNFTranslator.java:137)
	at kodkod.engine.fol2sat.Bool2CNFTranslator.visit(Bool2CNFTranslator.java:1)
	at kodkod.engine.bool.MultiGate.accept(MultiGate.java:81)
	at kodkod.engine.fol2sat.Bool2CNFTranslator.visit(Bool2CNFTranslator.java:137)
	at kodkod.engine.fol2sat.Bool2CNFTranslator.visit(Bool2CNFTranslator.java:1)
	at kodkod.engine.bool.MultiGate.accept(MultiGate.java:81)
	at kodkod.engine.fol2sat.Bool2CNFTranslator.visit(Bool2CNFTranslator.java:137)
	at kodkod.engine.fol2sat.Bool2CNFTranslator.visit(Bool2CNFTranslator.java:1)
	at kodkod.engine.bool.MultiGate.accept(MultiGate.java:81)
java.lang.Exception: AlloyUtil - runCommand: error in thread.
	at usi.gui.semantic.alloy.AlloyUtil.runCommand(AlloyUtil.java:283)
	at usi.testcase.AlloyTestCaseGenerator$RunCommandThread.run(AlloyTestCaseGenerator.java:932)
2016-11-10 08:40:16.388:INFO:oejsh.ContextHandler:stopped o.e.j.w.WebAppContext{/,file:/C:/Program%20Files/IBM/SDP/FunctionalTester/WebConfiguration/}
