Cobertura 2.0.3 - GNU GPL License (NO WARRANTY) - See COPYRIGHT file
WARN   instrumentClass, Unable to instrument file C:\workspace\ca.digitalcave.buddi\bin\org\homeunix\thecave\buddi\Buddi.class
java.lang.RuntimeException: java.lang.ClassNotFoundException: ca/digitalcave/moss/swing/MossFrame
	at net.sourceforge.cobertura.instrument.CoberturaClassWriter.getCommonSuperClass(CoberturaClassWriter.java:48)
	at org.objectweb.asm.ClassWriter.a(Unknown Source)
	at org.objectweb.asm.Frame.a(Unknown Source)
	at org.objectweb.asm.Frame.a(Unknown Source)
	at org.objectweb.asm.MethodWriter.visitMaxs(Unknown Source)
	at org.objectweb.asm.MethodVisitor.visitMaxs(Unknown Source)
	at org.objectweb.asm.util.CheckMethodAdapter.visitMaxs(Unknown Source)
	at org.objectweb.asm.MethodVisitor.visitMaxs(Unknown Source)
	at org.objectweb.asm.MethodVisitor.visitMaxs(Unknown Source)
	at org.objectweb.asm.commons.LocalVariablesSorter.visitMaxs(Unknown Source)
	at org.objectweb.asm.tree.MethodNode.accept(Unknown Source)
	at org.objectweb.asm.util.CheckMethodAdapter$1.visitEnd(Unknown Source)
	at org.objectweb.asm.MethodVisitor.visitEnd(Unknown Source)
	at org.objectweb.asm.util.CheckMethodAdapter.visitEnd(Unknown Source)
	at org.objectweb.asm.ClassReader.b(Unknown Source)
	at org.objectweb.asm.ClassReader.accept(Unknown Source)
	at org.objectweb.asm.ClassReader.accept(Unknown Source)
	at net.sourceforge.cobertura.instrument.CoberturaInstrumenter.instrumentClass(CoberturaInstrumenter.java:205)
	at net.sourceforge.cobertura.instrument.CoberturaInstrumenter.instrumentClass(CoberturaInstrumenter.java:121)
	at net.sourceforge.cobertura.instrument.CoberturaInstrumenter.addInstrumentationToSingleClass(CoberturaInstrumenter.java:234)
	at net.sourceforge.cobertura.instrument.Main.addInstrumentationToSingleClass(Main.java:298)
	at net.sourceforge.cobertura.instrument.Main.addInstrumentation(Main.java:307)
	at net.sourceforge.cobertura.instrument.Main.addInstrumentation(Main.java:316)
	at net.sourceforge.cobertura.instrument.Main.addInstrumentation(Main.java:316)
	at net.sourceforge.cobertura.instrument.Main.addInstrumentation(Main.java:316)
	at net.sourceforge.cobertura.instrument.Main.addInstrumentation(Main.java:316)
	at net.sourceforge.cobertura.instrument.Main.addInstrumentation(Main.java:316)
	at net.sourceforge.cobertura.instrument.Main.parseArguments(Main.java:399)
	at net.sourceforge.cobertura.instrument.Main.main(Main.java:421)
	at usi.configuration.ExperimentManager.init(ExperimentManager.java:48)
	at usi.Main.testMain(Main.java:73)
	at sun.reflect.NativeMethodAccessorImpl.invoke0(Native Method)
	at sun.reflect.NativeMethodAccessorImpl.invoke(Unknown Source)
	at sun.reflect.DelegatingMethodAccessorImpl.invoke(Unknown Source)
	at java.lang.reflect.Method.invoke(Unknown Source)
	at com.rational.test.ft.sys.FtReflection.invokeMethod2Ext(FtReflection.java:1252)
	at com.rational.test.ft.sys.FtReflection.invokeMethodExt(FtReflection.java:1452)
	at com.rational.test.ft.sys.FtReflection.invokeMethodExt(FtReflection.java:1805)
	at com.rational.test.ft.script.RationalTestScript.runMainInner(RationalTestScript.java:1046)
	at com.rational.test.ft.script.RationalTestScript.runMain(RationalTestScript.java:970)
	at com.rational.test.ft.script.RationalTestScript.runMain(RationalTestScript.java:868)
	at sun.reflect.NativeMethodAccessorImpl.invoke0(Native Method)
	at sun.reflect.NativeMethodAccessorImpl.invoke(Unknown Source)
	at sun.reflect.DelegatingMethodAccessorImpl.invoke(Unknown Source)
	at java.lang.reflect.Method.invoke(Unknown Source)
	at com.rational.test.ft.sys.FtReflection.invokeMethod2Ext(FtReflection.java:1252)
	at com.rational.test.ft.sys.FtReflection.invokeMethodExt(FtReflection.java:1452)
	at com.rational.test.ft.sys.FtReflection.invokeMethodExt(FtReflection.java:1805)
	at com.rational.test.ft.application.ScriptPlayback.runScript(ScriptPlayback.java:881)
	at com.rational.test.ft.application.ScriptPlayback.run(ScriptPlayback.java:759)
	at com.rational.test.ft.application.RationalFtMain.run(RationalFtMain.java:2514)
	at com.rational.test.ft.application.RationalFtMain.main(RationalFtMain.java:355)
	at com.rational.test.ft.application.CommandLineApplication.run(CommandLineApplication.java:39)
	at sun.reflect.NativeMethodAccessorImpl.invoke0(Native Method)
	at sun.reflect.NativeMethodAccessorImpl.invoke(Unknown Source)
	at sun.reflect.DelegatingMethodAccessorImpl.invoke(Unknown Source)
	at java.lang.reflect.Method.invoke(Unknown Source)
	at org.eclipse.equinox.internal.app.EclipseAppContainer.callMethodWithException(EclipseAppContainer.java:587)
	at org.eclipse.equinox.internal.app.EclipseAppHandle.run(EclipseAppHandle.java:198)
	at org.eclipse.core.runtime.internal.adaptor.EclipseAppLauncher.runApplication(EclipseAppLauncher.java:134)
	at org.eclipse.core.runtime.internal.adaptor.EclipseAppLauncher.start(EclipseAppLauncher.java:104)
	at org.eclipse.core.runtime.adaptor.EclipseStarter.run(EclipseStarter.java:380)
	at org.eclipse.core.runtime.adaptor.EclipseStarter.run(EclipseStarter.java:235)
	at sun.reflect.NativeMethodAccessorImpl.invoke0(Native Method)
	at sun.reflect.NativeMethodAccessorImpl.invoke(Unknown Source)
	at sun.reflect.DelegatingMethodAccessorImpl.invoke(Unknown Source)
	at java.lang.reflect.Method.invoke(Unknown Source)
	at org.eclipse.equinox.launcher.Main.invokeFramework(Main.java:648)
	at org.eclipse.equinox.launcher.Main.basicRun(Main.java:603)
	at org.eclipse.equinox.launcher.Main.run(Main.java:1465)
	at org.eclipse.equinox.launcher.Main.main(Main.java:1438)
	at org.eclipse.core.launcher.Main.main(Main.java:34)
	at sun.reflect.NativeMethodAccessorImpl.invoke0(Native Method)
	at sun.reflect.NativeMethodAccessorImpl.invoke(Unknown Source)
	at sun.reflect.DelegatingMethodAccessorImpl.invoke(Unknown Source)
	at java.lang.reflect.Method.invoke(Unknown Source)
	at com.rational.test.ft.rational_ft.startFT(rational_ft.java:329)
	at com.rational.test.ft.rational_ft.main(rational_ft.java:186)
Caused by: java.lang.ClassNotFoundException: ca/digitalcave/moss/swing/MossFrame
	at java.lang.Class.forName0(Native Method)
	at java.lang.Class.forName(Unknown Source)
	at net.sourceforge.cobertura.instrument.CoberturaClassWriter.getCommonSuperClass(CoberturaClassWriter.java:45)
	... 77 more
WARN   instrumentClass, Unable to instrument file C:\workspace\ca.digitalcave.buddi\bin\org\homeunix\thecave\buddi\model\impl\DocumentImpl$2.class
java.lang.RuntimeException: java.lang.ClassNotFoundException: ca/digitalcave/moss/crypto/CipherException
	at net.sourceforge.cobertura.instrument.CoberturaClassWriter.getCommonSuperClass(CoberturaClassWriter.java:35)
	at org.objectweb.asm.ClassWriter.a(Unknown Source)
	at org.objectweb.asm.Frame.a(Unknown Source)
	at org.objectweb.asm.Frame.a(Unknown Source)
	at org.objectweb.asm.MethodWriter.visitMaxs(Unknown Source)
	at org.objectweb.asm.MethodVisitor.visitMaxs(Unknown Source)
	at org.objectweb.asm.util.CheckMethodAdapter.visitMaxs(Unknown Source)
	at org.objectweb.asm.MethodVisitor.visitMaxs(Unknown Source)
	at org.objectweb.asm.commons.LocalVariablesSorter.visitMaxs(Unknown Source)
	at org.objectweb.asm.tree.MethodNode.accept(Unknown Source)
	at org.objectweb.asm.util.CheckMethodAdapter$1.visitEnd(Unknown Source)
	at org.objectweb.asm.MethodVisitor.visitEnd(Unknown Source)
	at org.objectweb.asm.util.CheckMethodAdapter.visitEnd(Unknown Source)
	at org.objectweb.asm.ClassReader.b(Unknown Source)
	at org.objectweb.asm.ClassReader.accept(Unknown Source)
	at org.objectweb.asm.ClassReader.accept(Unknown Source)
	at net.sourceforge.cobertura.instrument.CoberturaInstrumenter.instrumentClass(CoberturaInstrumenter.java:205)
	at net.sourceforge.cobertura.instrument.CoberturaInstrumenter.instrumentClass(CoberturaInstrumenter.java:121)
	at net.sourceforge.cobertura.instrument.CoberturaInstrumenter.addInstrumentationToSingleClass(CoberturaInstrumenter.java:234)
	at net.sourceforge.cobertura.instrument.Main.addInstrumentationToSingleClass(Main.java:298)
	at net.sourceforge.cobertura.instrument.Main.addInstrumentation(Main.java:307)
	at net.sourceforge.cobertura.instrument.Main.addInstrumentation(Main.java:316)
	at net.sourceforge.cobertura.instrument.Main.addInstrumentation(Main.java:316)
	at net.sourceforge.cobertura.instrument.Main.addInstrumentation(Main.java:316)
	at net.sourceforge.cobertura.instrument.Main.addInstrumentation(Main.java:316)
	at net.sourceforge.cobertura.instrument.Main.addInstrumentation(Main.java:316)
	at net.sourceforge.cobertura.instrument.Main.addInstrumentation(Main.java:316)
	at net.sourceforge.cobertura.instrument.Main.addInstrumentation(Main.java:316)
	at net.sourceforge.cobertura.instrument.Main.parseArguments(Main.java:399)
	at net.sourceforge.cobertura.instrument.Main.main(Main.java:421)
	at usi.configuration.ExperimentManager.init(ExperimentManager.java:48)
	at usi.Main.testMain(Main.java:73)
	at sun.reflect.NativeMethodAccessorImpl.invoke0(Native Method)
	at sun.reflect.NativeMethodAccessorImpl.invoke(Unknown Source)
	at sun.reflect.DelegatingMethodAccessorImpl.invoke(Unknown Source)
	at java.lang.reflect.Method.invoke(Unknown Source)
	at com.rational.test.ft.sys.FtReflection.invokeMethod2Ext(FtReflection.java:1252)
	at com.rational.test.ft.sys.FtReflection.invokeMethodExt(FtReflection.java:1452)
	at com.rational.test.ft.sys.FtReflection.invokeMethodExt(FtReflection.java:1805)
	at com.rational.test.ft.script.RationalTestScript.runMainInner(RationalTestScript.java:1046)
	at com.rational.test.ft.script.RationalTestScript.runMain(RationalTestScript.java:970)
	at com.rational.test.ft.script.RationalTestScript.runMain(RationalTestScript.java:868)
	at sun.reflect.NativeMethodAccessorImpl.invoke0(Native Method)
	at sun.reflect.NativeMethodAccessorImpl.invoke(Unknown Source)
	at sun.reflect.DelegatingMethodAccessorImpl.invoke(Unknown Source)
	at java.lang.reflect.Method.invoke(Unknown Source)
	at com.rational.test.ft.sys.FtReflection.invokeMethod2Ext(FtReflection.java:1252)
	at com.rational.test.ft.sys.FtReflection.invokeMethodExt(FtReflection.java:1452)
	at com.rational.test.ft.sys.FtReflection.invokeMethodExt(FtReflection.java:1805)
	at com.rational.test.ft.application.ScriptPlayback.runScript(ScriptPlayback.java:881)
	at com.rational.test.ft.application.ScriptPlayback.run(ScriptPlayback.java:759)
	at com.rational.test.ft.application.RationalFtMain.run(RationalFtMain.java:2514)
	at com.rational.test.ft.application.RationalFtMain.main(RationalFtMain.java:355)
	at com.rational.test.ft.application.CommandLineApplication.run(CommandLineApplication.java:39)
	at sun.reflect.NativeMethodAccessorImpl.invoke0(Native Method)
	at sun.reflect.NativeMethodAccessorImpl.invoke(Unknown Source)
	at sun.reflect.DelegatingMethodAccessorImpl.invoke(Unknown Source)
	at java.lang.reflect.Method.invoke(Unknown Source)
	at org.eclipse.equinox.internal.app.EclipseAppContainer.callMethodWithException(EclipseAppContainer.java:587)
	at org.eclipse.equinox.internal.app.EclipseAppHandle.run(EclipseAppHandle.java:198)
	at org.eclipse.core.runtime.internal.adaptor.EclipseAppLauncher.runApplication(EclipseAppLauncher.java:134)
	at org.eclipse.core.runtime.internal.adaptor.EclipseAppLauncher.start(EclipseAppLauncher.java:104)
	at org.eclipse.core.runtime.adaptor.EclipseStarter.run(EclipseStarter.java:380)
	at org.eclipse.core.runtime.adaptor.EclipseStarter.run(EclipseStarter.java:235)
	at sun.reflect.NativeMethodAccessorImpl.invoke0(Native Method)
	at sun.reflect.NativeMethodAccessorImpl.invoke(Unknown Source)
	at sun.reflect.DelegatingMethodAccessorImpl.invoke(Unknown Source)
	at java.lang.reflect.Method.invoke(Unknown Source)
	at org.eclipse.equinox.launcher.Main.invokeFramework(Main.java:648)
	at org.eclipse.equinox.launcher.Main.basicRun(Main.java:603)
	at org.eclipse.equinox.launcher.Main.run(Main.java:1465)
	at org.eclipse.equinox.launcher.Main.main(Main.java:1438)
	at org.eclipse.core.launcher.Main.main(Main.java:34)
	at sun.reflect.NativeMethodAccessorImpl.invoke0(Native Method)
	at sun.reflect.NativeMethodAccessorImpl.invoke(Unknown Source)
	at sun.reflect.DelegatingMethodAccessorImpl.invoke(Unknown Source)
	at java.lang.reflect.Method.invoke(Unknown Source)
	at com.rational.test.ft.rational_ft.startFT(rational_ft.java:329)
	at com.rational.test.ft.rational_ft.main(rational_ft.java:186)
Caused by: java.lang.ClassNotFoundException: ca/digitalcave/moss/crypto/CipherException
	at java.lang.Class.forName0(Native Method)
	at java.lang.Class.forName(Unknown Source)
	at net.sourceforge.cobertura.instrument.CoberturaClassWriter.getCommonSuperClass(CoberturaClassWriter.java:32)
	... 78 more
WARN   instrumentClass, Unable to instrument file C:\workspace\ca.digitalcave.buddi\bin\org\homeunix\thecave\buddi\model\impl\FilteredLists.class
java.lang.RuntimeException: java.lang.ClassNotFoundException: org/homeunix/thecave/buddi/model/Source
	at net.sourceforge.cobertura.instrument.CoberturaClassWriter.getCommonSuperClass(CoberturaClassWriter.java:35)
	at org.objectweb.asm.ClassWriter.a(Unknown Source)
	at org.objectweb.asm.Frame.a(Unknown Source)
	at org.objectweb.asm.Frame.a(Unknown Source)
	at org.objectweb.asm.MethodWriter.visitMaxs(Unknown Source)
	at org.objectweb.asm.MethodVisitor.visitMaxs(Unknown Source)
	at org.objectweb.asm.util.CheckMethodAdapter.visitMaxs(Unknown Source)
	at org.objectweb.asm.MethodVisitor.visitMaxs(Unknown Source)
	at org.objectweb.asm.MethodVisitor.visitMaxs(Unknown Source)
	at org.objectweb.asm.commons.LocalVariablesSorter.visitMaxs(Unknown Source)
	at org.objectweb.asm.tree.MethodNode.accept(Unknown Source)
	at org.objectweb.asm.util.CheckMethodAdapter$1.visitEnd(Unknown Source)
	at org.objectweb.asm.MethodVisitor.visitEnd(Unknown Source)
	at org.objectweb.asm.util.CheckMethodAdapter.visitEnd(Unknown Source)
	at org.objectweb.asm.ClassReader.b(Unknown Source)
	at org.objectweb.asm.ClassReader.accept(Unknown Source)
	at org.objectweb.asm.ClassReader.accept(Unknown Source)
	at net.sourceforge.cobertura.instrument.CoberturaInstrumenter.instrumentClass(CoberturaInstrumenter.java:205)
	at net.sourceforge.cobertura.instrument.CoberturaInstrumenter.instrumentClass(CoberturaInstrumenter.java:121)
	at net.sourceforge.cobertura.instrument.CoberturaInstrumenter.addInstrumentationToSingleClass(CoberturaInstrumenter.java:234)
	at net.sourceforge.cobertura.instrument.Main.addInstrumentationToSingleClass(Main.java:298)
	at net.sourceforge.cobertura.instrument.Main.addInstrumentation(Main.java:307)
	at net.sourceforge.cobertura.instrument.Main.addInstrumentation(Main.java:316)
	at net.sourceforge.cobertura.instrument.Main.addInstrumentation(Main.java:316)
	at net.sourceforge.cobertura.instrument.Main.addInstrumentation(Main.java:316)
	at net.sourceforge.cobertura.instrument.Main.addInstrumentation(Main.java:316)
	at net.sourceforge.cobertura.instrument.Main.addInstrumentation(Main.java:316)
	at net.sourceforge.cobertura.instrument.Main.addInstrumentation(Main.java:316)
	at net.sourceforge.cobertura.instrument.Main.addInstrumentation(Main.java:316)
	at net.sourceforge.cobertura.instrument.Main.parseArguments(Main.java:399)
	at net.sourceforge.cobertura.instrument.Main.main(Main.java:421)
	at usi.configuration.ExperimentManager.init(ExperimentManager.java:48)
	at usi.Main.testMain(Main.java:73)
	at sun.reflect.NativeMethodAccessorImpl.invoke0(Native Method)
	at sun.reflect.NativeMethodAccessorImpl.invoke(Unknown Source)
	at sun.reflect.DelegatingMethodAccessorImpl.invoke(Unknown Source)
	at java.lang.reflect.Method.invoke(Unknown Source)
	at com.rational.test.ft.sys.FtReflection.invokeMethod2Ext(FtReflection.java:1252)
	at com.rational.test.ft.sys.FtReflection.invokeMethodExt(FtReflection.java:1452)
	at com.rational.test.ft.sys.FtReflection.invokeMethodExt(FtReflection.java:1805)
	at com.rational.test.ft.script.RationalTestScript.runMainInner(RationalTestScript.java:1046)
	at com.rational.test.ft.script.RationalTestScript.runMain(RationalTestScript.java:970)
	at com.rational.test.ft.script.RationalTestScript.runMain(RationalTestScript.java:868)
	at sun.reflect.NativeMethodAccessorImpl.invoke0(Native Method)
	at sun.reflect.NativeMethodAccessorImpl.invoke(Unknown Source)
	at sun.reflect.DelegatingMethodAccessorImpl.invoke(Unknown Source)
	at java.lang.reflect.Method.invoke(Unknown Source)
	at com.rational.test.ft.sys.FtReflection.invokeMethod2Ext(FtReflection.java:1252)
	at com.rational.test.ft.sys.FtReflection.invokeMethodExt(FtReflection.java:1452)
	at com.rational.test.ft.sys.FtReflection.invokeMethodExt(FtReflection.java:1805)
	at com.rational.test.ft.application.ScriptPlayback.runScript(ScriptPlayback.java:881)
	at com.rational.test.ft.application.ScriptPlayback.run(ScriptPlayback.java:759)
	at com.rational.test.ft.application.RationalFtMain.run(RationalFtMain.java:2514)
	at com.rational.test.ft.application.RationalFtMain.main(RationalFtMain.java:355)
	at com.rational.test.ft.application.CommandLineApplication.run(CommandLineApplication.java:39)
	at sun.reflect.NativeMethodAccessorImpl.invoke0(Native Method)
	at sun.reflect.NativeMethodAccessorImpl.invoke(Unknown Source)
	at sun.reflect.DelegatingMethodAccessorImpl.invoke(Unknown Source)
	at java.lang.reflect.Method.invoke(Unknown Source)
	at org.eclipse.equinox.internal.app.EclipseAppContainer.callMethodWithException(EclipseAppContainer.java:587)
	at org.eclipse.equinox.internal.app.EclipseAppHandle.run(EclipseAppHandle.java:198)
	at org.eclipse.core.runtime.internal.adaptor.EclipseAppLauncher.runApplication(EclipseAppLauncher.java:134)
	at org.eclipse.core.runtime.internal.adaptor.EclipseAppLauncher.start(EclipseAppLauncher.java:104)
	at org.eclipse.core.runtime.adaptor.EclipseStarter.run(EclipseStarter.java:380)
	at org.eclipse.core.runtime.adaptor.EclipseStarter.run(EclipseStarter.java:235)
	at sun.reflect.NativeMethodAccessorImpl.invoke0(Native Method)
	at sun.reflect.NativeMethodAccessorImpl.invoke(Unknown Source)
	at sun.reflect.DelegatingMethodAccessorImpl.invoke(Unknown Source)
	at java.lang.reflect.Method.invoke(Unknown Source)
	at org.eclipse.equinox.launcher.Main.invokeFramework(Main.java:648)
	at org.eclipse.equinox.launcher.Main.basicRun(Main.java:603)
	at org.eclipse.equinox.launcher.Main.run(Main.java:1465)
	at org.eclipse.equinox.launcher.Main.main(Main.java:1438)
	at org.eclipse.core.launcher.Main.main(Main.java:34)
	at sun.reflect.NativeMethodAccessorImpl.invoke0(Native Method)
	at sun.reflect.NativeMethodAccessorImpl.invoke(Unknown Source)
	at sun.reflect.DelegatingMethodAccessorImpl.invoke(Unknown Source)
	at java.lang.reflect.Method.invoke(Unknown Source)
	at com.rational.test.ft.rational_ft.startFT(rational_ft.java:329)
	at com.rational.test.ft.rational_ft.main(rational_ft.java:186)
Caused by: java.lang.ClassNotFoundException: org/homeunix/thecave/buddi/model/Source
	at java.lang.Class.forName0(Native Method)
	at java.lang.Class.forName(Unknown Source)
	at net.sourceforge.cobertura.instrument.CoberturaClassWriter.getCommonSuperClass(CoberturaClassWriter.java:32)
	... 79 more
WARN   instrumentClass, Unable to instrument file C:\workspace\ca.digitalcave.buddi\bin\org\homeunix\thecave\buddi\model\swing\BackupManagerListModel.class
java.lang.RuntimeException: java.lang.ClassNotFoundException: ca/digitalcave/moss/crypto/IncorrectDocumentFormatException
	at net.sourceforge.cobertura.instrument.CoberturaClassWriter.getCommonSuperClass(CoberturaClassWriter.java:35)
	at org.objectweb.asm.ClassWriter.a(Unknown Source)
	at org.objectweb.asm.Frame.a(Unknown Source)
	at org.objectweb.asm.Frame.a(Unknown Source)
	at org.objectweb.asm.MethodWriter.visitMaxs(Unknown Source)
	at org.objectweb.asm.MethodVisitor.visitMaxs(Unknown Source)
	at org.objectweb.asm.util.CheckMethodAdapter.visitMaxs(Unknown Source)
	at org.objectweb.asm.MethodVisitor.visitMaxs(Unknown Source)
	at org.objectweb.asm.commons.LocalVariablesSorter.visitMaxs(Unknown Source)
	at org.objectweb.asm.tree.MethodNode.accept(Unknown Source)
	at org.objectweb.asm.util.CheckMethodAdapter$1.visitEnd(Unknown Source)
	at org.objectweb.asm.MethodVisitor.visitEnd(Unknown Source)
	at org.objectweb.asm.util.CheckMethodAdapter.visitEnd(Unknown Source)
	at org.objectweb.asm.ClassReader.b(Unknown Source)
	at org.objectweb.asm.ClassReader.accept(Unknown Source)
	at org.objectweb.asm.ClassReader.accept(Unknown Source)
	at net.sourceforge.cobertura.instrument.CoberturaInstrumenter.instrumentClass(CoberturaInstrumenter.java:205)
	at net.sourceforge.cobertura.instrument.CoberturaInstrumenter.instrumentClass(CoberturaInstrumenter.java:121)
	at net.sourceforge.cobertura.instrument.CoberturaInstrumenter.addInstrumentationToSingleClass(CoberturaInstrumenter.java:234)
	at net.sourceforge.cobertura.instrument.Main.addInstrumentationToSingleClass(Main.java:298)
	at net.sourceforge.cobertura.instrument.Main.addInstrumentation(Main.java:307)
	at net.sourceforge.cobertura.instrument.Main.addInstrumentation(Main.java:316)
	at net.sourceforge.cobertura.instrument.Main.addInstrumentation(Main.java:316)
	at net.sourceforge.cobertura.instrument.Main.addInstrumentation(Main.java:316)
	at net.sourceforge.cobertura.instrument.Main.addInstrumentation(Main.java:316)
	at net.sourceforge.cobertura.instrument.Main.addInstrumentation(Main.java:316)
	at net.sourceforge.cobertura.instrument.Main.addInstrumentation(Main.java:316)
	at net.sourceforge.cobertura.instrument.Main.addInstrumentation(Main.java:316)
	at net.sourceforge.cobertura.instrument.Main.parseArguments(Main.java:399)
	at net.sourceforge.cobertura.instrument.Main.main(Main.java:421)
	at usi.configuration.ExperimentManager.init(ExperimentManager.java:48)
	at usi.Main.testMain(Main.java:73)
	at sun.reflect.NativeMethodAccessorImpl.invoke0(Native Method)
	at sun.reflect.NativeMethodAccessorImpl.invoke(Unknown Source)
	at sun.reflect.DelegatingMethodAccessorImpl.invoke(Unknown Source)
	at java.lang.reflect.Method.invoke(Unknown Source)
	at com.rational.test.ft.sys.FtReflection.invokeMethod2Ext(FtReflection.java:1252)
	at com.rational.test.ft.sys.FtReflection.invokeMethodExt(FtReflection.java:1452)
	at com.rational.test.ft.sys.FtReflection.invokeMethodExt(FtReflection.java:1805)
	at com.rational.test.ft.script.RationalTestScript.runMainInner(RationalTestScript.java:1046)
	at com.rational.test.ft.script.RationalTestScript.runMain(RationalTestScript.java:970)
	at com.rational.test.ft.script.RationalTestScript.runMain(RationalTestScript.java:868)
	at sun.reflect.NativeMethodAccessorImpl.invoke0(Native Method)
	at sun.reflect.NativeMethodAccessorImpl.invoke(Unknown Source)
	at sun.reflect.DelegatingMethodAccessorImpl.invoke(Unknown Source)
	at java.lang.reflect.Method.invoke(Unknown Source)
	at com.rational.test.ft.sys.FtReflection.invokeMethod2Ext(FtReflection.java:1252)
	at com.rational.test.ft.sys.FtReflection.invokeMethodExt(FtReflection.java:1452)
	at com.rational.test.ft.sys.FtReflection.invokeMethodExt(FtReflection.java:1805)
	at com.rational.test.ft.application.ScriptPlayback.runScript(ScriptPlayback.java:881)
	at com.rational.test.ft.application.ScriptPlayback.run(ScriptPlayback.java:759)
	at com.rational.test.ft.application.RationalFtMain.run(RationalFtMain.java:2514)
	at com.rational.test.ft.application.RationalFtMain.main(RationalFtMain.java:355)
	at com.rational.test.ft.application.CommandLineApplication.run(CommandLineApplication.java:39)
	at sun.reflect.NativeMethodAccessorImpl.invoke0(Native Method)
	at sun.reflect.NativeMethodAccessorImpl.invoke(Unknown Source)
	at sun.reflect.DelegatingMethodAccessorImpl.invoke(Unknown Source)
	at java.lang.reflect.Method.invoke(Unknown Source)
	at org.eclipse.equinox.internal.app.EclipseAppContainer.callMethodWithException(EclipseAppContainer.java:587)
	at org.eclipse.equinox.internal.app.EclipseAppHandle.run(EclipseAppHandle.java:198)
	at org.eclipse.core.runtime.internal.adaptor.EclipseAppLauncher.runApplication(EclipseAppLauncher.java:134)
	at org.eclipse.core.runtime.internal.adaptor.EclipseAppLauncher.start(EclipseAppLauncher.java:104)
	at org.eclipse.core.runtime.adaptor.EclipseStarter.run(EclipseStarter.java:380)
	at org.eclipse.core.runtime.adaptor.EclipseStarter.run(EclipseStarter.java:235)
	at sun.reflect.NativeMethodAccessorImpl.invoke0(Native Method)
	at sun.reflect.NativeMethodAccessorImpl.invoke(Unknown Source)
	at sun.reflect.DelegatingMethodAccessorImpl.invoke(Unknown Source)
	at java.lang.reflect.Method.invoke(Unknown Source)
	at org.eclipse.equinox.launcher.Main.invokeFramework(Main.java:648)
	at org.eclipse.equinox.launcher.Main.basicRun(Main.java:603)
	at org.eclipse.equinox.launcher.Main.run(Main.java:1465)
	at org.eclipse.equinox.launcher.Main.main(Main.java:1438)
	at org.eclipse.core.launcher.Main.main(Main.java:34)
	at sun.reflect.NativeMethodAccessorImpl.invoke0(Native Method)
	at sun.reflect.NativeMethodAccessorImpl.invoke(Unknown Source)
	at sun.reflect.DelegatingMethodAccessorImpl.invoke(Unknown Source)
	at java.lang.reflect.Method.invoke(Unknown Source)
	at com.rational.test.ft.rational_ft.startFT(rational_ft.java:329)
	at com.rational.test.ft.rational_ft.main(rational_ft.java:186)
Caused by: java.lang.ClassNotFoundException: ca/digitalcave/moss/crypto/IncorrectDocumentFormatException
	at java.lang.Class.forName0(Native Method)
	at java.lang.Class.forName(Unknown Source)
	at net.sourceforge.cobertura.instrument.CoberturaClassWriter.getCommonSuperClass(CoberturaClassWriter.java:32)
	... 78 more
WARN   instrumentClass, Unable to instrument file C:\workspace\ca.digitalcave.buddi\bin\org\homeunix\thecave\buddi\model\swing\SourceComboBoxModel.class
java.lang.RuntimeException: java.lang.ClassNotFoundException: org/homeunix/thecave/buddi/model/impl/FilteredLists$BudgetCategoryListFilteredByParent
	at net.sourceforge.cobertura.instrument.CoberturaClassWriter.getCommonSuperClass(CoberturaClassWriter.java:48)
	at org.objectweb.asm.ClassWriter.a(Unknown Source)
	at org.objectweb.asm.Frame.a(Unknown Source)
	at org.objectweb.asm.Frame.a(Unknown Source)
	at org.objectweb.asm.MethodWriter.visitMaxs(Unknown Source)
	at org.objectweb.asm.MethodVisitor.visitMaxs(Unknown Source)
	at org.objectweb.asm.util.CheckMethodAdapter.visitMaxs(Unknown Source)
	at org.objectweb.asm.MethodVisitor.visitMaxs(Unknown Source)
	at org.objectweb.asm.commons.LocalVariablesSorter.visitMaxs(Unknown Source)
	at org.objectweb.asm.tree.MethodNode.accept(Unknown Source)
	at org.objectweb.asm.util.CheckMethodAdapter$1.visitEnd(Unknown Source)
	at org.objectweb.asm.MethodVisitor.visitEnd(Unknown Source)
	at org.objectweb.asm.util.CheckMethodAdapter.visitEnd(Unknown Source)
	at org.objectweb.asm.ClassReader.b(Unknown Source)
	at org.objectweb.asm.ClassReader.accept(Unknown Source)
	at org.objectweb.asm.ClassReader.accept(Unknown Source)
	at net.sourceforge.cobertura.instrument.CoberturaInstrumenter.instrumentClass(CoberturaInstrumenter.java:205)
	at net.sourceforge.cobertura.instrument.CoberturaInstrumenter.instrumentClass(CoberturaInstrumenter.java:121)
	at net.sourceforge.cobertura.instrument.CoberturaInstrumenter.addInstrumentationToSingleClass(CoberturaInstrumenter.java:234)
	at net.sourceforge.cobertura.instrument.Main.addInstrumentationToSingleClass(Main.java:298)
	at net.sourceforge.cobertura.instrument.Main.addInstrumentation(Main.java:307)
	at net.sourceforge.cobertura.instrument.Main.addInstrumentation(Main.java:316)
	at net.sourceforge.cobertura.instrument.Main.addInstrumentation(Main.java:316)
	at net.sourceforge.cobertura.instrument.Main.addInstrumentation(Main.java:316)
	at net.sourceforge.cobertura.instrument.Main.addInstrumentation(Main.java:316)
	at net.sourceforge.cobertura.instrument.Main.addInstrumentation(Main.java:316)
	at net.sourceforge.cobertura.instrument.Main.addInstrumentation(Main.java:316)
	at net.sourceforge.cobertura.instrument.Main.addInstrumentation(Main.java:316)
	at net.sourceforge.cobertura.instrument.Main.parseArguments(Main.java:399)
	at net.sourceforge.cobertura.instrument.Main.main(Main.java:421)
	at usi.configuration.ExperimentManager.init(ExperimentManager.java:48)
	at usi.Main.testMain(Main.java:73)
	at sun.reflect.NativeMethodAccessorImpl.invoke0(Native Method)
	at sun.reflect.NativeMethodAccessorImpl.invoke(Unknown Source)
	at sun.reflect.DelegatingMethodAccessorImpl.invoke(Unknown Source)
	at java.lang.reflect.Method.invoke(Unknown Source)
	at com.rational.test.ft.sys.FtReflection.invokeMethod2Ext(FtReflection.java:1252)
	at com.rational.test.ft.sys.FtReflection.invokeMethodExt(FtReflection.java:1452)
	at com.rational.test.ft.sys.FtReflection.invokeMethodExt(FtReflection.java:1805)
	at com.rational.test.ft.script.RationalTestScript.runMainInner(RationalTestScript.java:1046)
	at com.rational.test.ft.script.RationalTestScript.runMain(RationalTestScript.java:970)
	at com.rational.test.ft.script.RationalTestScript.runMain(RationalTestScript.java:868)
	at sun.reflect.NativeMethodAccessorImpl.invoke0(Native Method)
	at sun.reflect.NativeMethodAccessorImpl.invoke(Unknown Source)
	at sun.reflect.DelegatingMethodAccessorImpl.invoke(Unknown Source)
	at java.lang.reflect.Method.invoke(Unknown Source)
	at com.rational.test.ft.sys.FtReflection.invokeMethod2Ext(FtReflection.java:1252)
	at com.rational.test.ft.sys.FtReflection.invokeMethodExt(FtReflection.java:1452)
	at com.rational.test.ft.sys.FtReflection.invokeMethodExt(FtReflection.java:1805)
	at com.rational.test.ft.application.ScriptPlayback.runScript(ScriptPlayback.java:881)
	at com.rational.test.ft.application.ScriptPlayback.run(ScriptPlayback.java:759)
	at com.rational.test.ft.application.RationalFtMain.run(RationalFtMain.java:2514)
	at com.rational.test.ft.application.RationalFtMain.main(RationalFtMain.java:355)
	at com.rational.test.ft.application.CommandLineApplication.run(CommandLineApplication.java:39)
	at sun.reflect.NativeMethodAccessorImpl.invoke0(Native Method)
	at sun.reflect.NativeMethodAccessorImpl.invoke(Unknown Source)
	at sun.reflect.DelegatingMethodAccessorImpl.invoke(Unknown Source)
	at java.lang.reflect.Method.invoke(Unknown Source)
	at org.eclipse.equinox.internal.app.EclipseAppContainer.callMethodWithException(EclipseAppContainer.java:587)
	at org.eclipse.equinox.internal.app.EclipseAppHandle.run(EclipseAppHandle.java:198)
	at org.eclipse.core.runtime.internal.adaptor.EclipseAppLauncher.runApplication(EclipseAppLauncher.java:134)
	at org.eclipse.core.runtime.internal.adaptor.EclipseAppLauncher.start(EclipseAppLauncher.java:104)
	at org.eclipse.core.runtime.adaptor.EclipseStarter.run(EclipseStarter.java:380)
	at org.eclipse.core.runtime.adaptor.EclipseStarter.run(EclipseStarter.java:235)
	at sun.reflect.NativeMethodAccessorImpl.invoke0(Native Method)
	at sun.reflect.NativeMethodAccessorImpl.invoke(Unknown Source)
	at sun.reflect.DelegatingMethodAccessorImpl.invoke(Unknown Source)
	at java.lang.reflect.Method.invoke(Unknown Source)
	at org.eclipse.equinox.launcher.Main.invokeFramework(Main.java:648)
	at org.eclipse.equinox.launcher.Main.basicRun(Main.java:603)
	at org.eclipse.equinox.launcher.Main.run(Main.java:1465)
	at org.eclipse.equinox.launcher.Main.main(Main.java:1438)
	at org.eclipse.core.launcher.Main.main(Main.java:34)
	at sun.reflect.NativeMethodAccessorImpl.invoke0(Native Method)
	at sun.reflect.NativeMethodAccessorImpl.invoke(Unknown Source)
	at sun.reflect.DelegatingMethodAccessorImpl.invoke(Unknown Source)
	at java.lang.reflect.Method.invoke(Unknown Source)
	at com.rational.test.ft.rational_ft.startFT(rational_ft.java:329)
	at com.rational.test.ft.rational_ft.main(rational_ft.java:186)
Caused by: java.lang.ClassNotFoundException: org/homeunix/thecave/buddi/model/impl/FilteredLists$BudgetCategoryListFilteredByParent
	at java.lang.Class.forName0(Native Method)
	at java.lang.Class.forName(Unknown Source)
	at net.sourceforge.cobertura.instrument.CoberturaClassWriter.getCommonSuperClass(CoberturaClassWriter.java:45)
	... 78 more
WARN   instrumentClass, Unable to instrument file C:\workspace\ca.digitalcave.buddi\bin\org\homeunix\thecave\buddi\plugin\BuddiPluginFactory.class
java.lang.RuntimeException: java.lang.ClassNotFoundException: ca/digitalcave/moss/application/plugin/MossPlugin
	at net.sourceforge.cobertura.instrument.CoberturaClassWriter.getCommonSuperClass(CoberturaClassWriter.java:35)
	at org.objectweb.asm.ClassWriter.a(Unknown Source)
	at org.objectweb.asm.Frame.a(Unknown Source)
	at org.objectweb.asm.Frame.a(Unknown Source)
	at org.objectweb.asm.MethodWriter.visitMaxs(Unknown Source)
	at org.objectweb.asm.MethodVisitor.visitMaxs(Unknown Source)
	at org.objectweb.asm.util.CheckMethodAdapter.visitMaxs(Unknown Source)
	at org.objectweb.asm.MethodVisitor.visitMaxs(Unknown Source)
	at org.objectweb.asm.MethodVisitor.visitMaxs(Unknown Source)
	at org.objectweb.asm.commons.LocalVariablesSorter.visitMaxs(Unknown Source)
	at org.objectweb.asm.tree.MethodNode.accept(Unknown Source)
	at org.objectweb.asm.util.CheckMethodAdapter$1.visitEnd(Unknown Source)
	at org.objectweb.asm.MethodVisitor.visitEnd(Unknown Source)
	at org.objectweb.asm.util.CheckMethodAdapter.visitEnd(Unknown Source)
	at org.objectweb.asm.ClassReader.b(Unknown Source)
	at org.objectweb.asm.ClassReader.accept(Unknown Source)
	at org.objectweb.asm.ClassReader.accept(Unknown Source)
	at net.sourceforge.cobertura.instrument.CoberturaInstrumenter.instrumentClass(CoberturaInstrumenter.java:205)
	at net.sourceforge.cobertura.instrument.CoberturaInstrumenter.instrumentClass(CoberturaInstrumenter.java:121)
	at net.sourceforge.cobertura.instrument.CoberturaInstrumenter.addInstrumentationToSingleClass(CoberturaInstrumenter.java:234)
	at net.sourceforge.cobertura.instrument.Main.addInstrumentationToSingleClass(Main.java:298)
	at net.sourceforge.cobertura.instrument.Main.addInstrumentation(Main.java:307)
	at net.sourceforge.cobertura.instrument.Main.addInstrumentation(Main.java:316)
	at net.sourceforge.cobertura.instrument.Main.addInstrumentation(Main.java:316)
	at net.sourceforge.cobertura.instrument.Main.addInstrumentation(Main.java:316)
	at net.sourceforge.cobertura.instrument.Main.addInstrumentation(Main.java:316)
	at net.sourceforge.cobertura.instrument.Main.addInstrumentation(Main.java:316)
	at net.sourceforge.cobertura.instrument.Main.addInstrumentation(Main.java:316)
	at net.sourceforge.cobertura.instrument.Main.parseArguments(Main.java:399)
	at net.sourceforge.cobertura.instrument.Main.main(Main.java:421)
	at usi.configuration.ExperimentManager.init(ExperimentManager.java:48)
	at usi.Main.testMain(Main.java:73)
	at sun.reflect.NativeMethodAccessorImpl.invoke0(Native Method)
	at sun.reflect.NativeMethodAccessorImpl.invoke(Unknown Source)
	at sun.reflect.DelegatingMethodAccessorImpl.invoke(Unknown Source)
	at java.lang.reflect.Method.invoke(Unknown Source)
	at com.rational.test.ft.sys.FtReflection.invokeMethod2Ext(FtReflection.java:1252)
	at com.rational.test.ft.sys.FtReflection.invokeMethodExt(FtReflection.java:1452)
	at com.rational.test.ft.sys.FtReflection.invokeMethodExt(FtReflection.java:1805)
	at com.rational.test.ft.script.RationalTestScript.runMainInner(RationalTestScript.java:1046)
	at com.rational.test.ft.script.RationalTestScript.runMain(RationalTestScript.java:970)
	at com.rational.test.ft.script.RationalTestScript.runMain(RationalTestScript.java:868)
	at sun.reflect.NativeMethodAccessorImpl.invoke0(Native Method)
	at sun.reflect.NativeMethodAccessorImpl.invoke(Unknown Source)
	at sun.reflect.DelegatingMethodAccessorImpl.invoke(Unknown Source)
	at java.lang.reflect.Method.invoke(Unknown Source)
	at com.rational.test.ft.sys.FtReflection.invokeMethod2Ext(FtReflection.java:1252)
	at com.rational.test.ft.sys.FtReflection.invokeMethodExt(FtReflection.java:1452)
	at com.rational.test.ft.sys.FtReflection.invokeMethodExt(FtReflection.java:1805)
	at com.rational.test.ft.application.ScriptPlayback.runScript(ScriptPlayback.java:881)
	at com.rational.test.ft.application.ScriptPlayback.run(ScriptPlayback.java:759)
	at com.rational.test.ft.application.RationalFtMain.run(RationalFtMain.java:2514)
	at com.rational.test.ft.application.RationalFtMain.main(RationalFtMain.java:355)
	at com.rational.test.ft.application.CommandLineApplication.run(CommandLineApplication.java:39)
	at sun.reflect.NativeMethodAccessorImpl.invoke0(Native Method)
	at sun.reflect.NativeMethodAccessorImpl.invoke(Unknown Source)
	at sun.reflect.DelegatingMethodAccessorImpl.invoke(Unknown Source)
	at java.lang.reflect.Method.invoke(Unknown Source)
	at org.eclipse.equinox.internal.app.EclipseAppContainer.callMethodWithException(EclipseAppContainer.java:587)
	at org.eclipse.equinox.internal.app.EclipseAppHandle.run(EclipseAppHandle.java:198)
	at org.eclipse.core.runtime.internal.adaptor.EclipseAppLauncher.runApplication(EclipseAppLauncher.java:134)
	at org.eclipse.core.runtime.internal.adaptor.EclipseAppLauncher.start(EclipseAppLauncher.java:104)
	at org.eclipse.core.runtime.adaptor.EclipseStarter.run(EclipseStarter.java:380)
	at org.eclipse.core.runtime.adaptor.EclipseStarter.run(EclipseStarter.java:235)
	at sun.reflect.NativeMethodAccessorImpl.invoke0(Native Method)
	at sun.reflect.NativeMethodAccessorImpl.invoke(Unknown Source)
	at sun.reflect.DelegatingMethodAccessorImpl.invoke(Unknown Source)
	at java.lang.reflect.Method.invoke(Unknown Source)
	at org.eclipse.equinox.launcher.Main.invokeFramework(Main.java:648)
	at org.eclipse.equinox.launcher.Main.basicRun(Main.java:603)
	at org.eclipse.equinox.launcher.Main.run(Main.java:1465)
	at org.eclipse.equinox.launcher.Main.main(Main.java:1438)
	at org.eclipse.core.launcher.Main.main(Main.java:34)
	at sun.reflect.NativeMethodAccessorImpl.invoke0(Native Method)
	at sun.reflect.NativeMethodAccessorImpl.invoke(Unknown Source)
	at sun.reflect.DelegatingMethodAccessorImpl.invoke(Unknown Source)
	at java.lang.reflect.Method.invoke(Unknown Source)
	at com.rational.test.ft.rational_ft.startFT(rational_ft.java:329)
	at com.rational.test.ft.rational_ft.main(rational_ft.java:186)
Caused by: java.lang.ClassNotFoundException: ca/digitalcave/moss/application/plugin/MossPlugin
	at java.lang.Class.forName0(Native Method)
	at java.lang.Class.forName(Unknown Source)
	at net.sourceforge.cobertura.instrument.CoberturaClassWriter.getCommonSuperClass(CoberturaClassWriter.java:32)
	... 78 more
WARN   instrumentClass, Unable to instrument file C:\workspace\ca.digitalcave.buddi\bin\org\homeunix\thecave\buddi\plugin\builtin\preference\AdvancedPreferences.class
java.lang.RuntimeException: java.lang.ClassNotFoundException: org/homeunix/thecave/buddi/plugin/builtin/cellrenderer/DefaultTransactionCellRenderer
	at net.sourceforge.cobertura.instrument.CoberturaClassWriter.getCommonSuperClass(CoberturaClassWriter.java:35)
	at org.objectweb.asm.ClassWriter.a(Unknown Source)
	at org.objectweb.asm.Frame.a(Unknown Source)
	at org.objectweb.asm.Frame.a(Unknown Source)
	at org.objectweb.asm.MethodWriter.visitMaxs(Unknown Source)
	at org.objectweb.asm.MethodVisitor.visitMaxs(Unknown Source)
	at org.objectweb.asm.util.CheckMethodAdapter.visitMaxs(Unknown Source)
	at org.objectweb.asm.MethodVisitor.visitMaxs(Unknown Source)
	at org.objectweb.asm.commons.LocalVariablesSorter.visitMaxs(Unknown Source)
	at org.objectweb.asm.tree.MethodNode.accept(Unknown Source)
	at org.objectweb.asm.util.CheckMethodAdapter$1.visitEnd(Unknown Source)
	at org.objectweb.asm.MethodVisitor.visitEnd(Unknown Source)
	at org.objectweb.asm.util.CheckMethodAdapter.visitEnd(Unknown Source)
	at org.objectweb.asm.ClassReader.b(Unknown Source)
	at org.objectweb.asm.ClassReader.accept(Unknown Source)
	at org.objectweb.asm.ClassReader.accept(Unknown Source)
	at net.sourceforge.cobertura.instrument.CoberturaInstrumenter.instrumentClass(CoberturaInstrumenter.java:205)
	at net.sourceforge.cobertura.instrument.CoberturaInstrumenter.instrumentClass(CoberturaInstrumenter.java:121)
	at net.sourceforge.cobertura.instrument.CoberturaInstrumenter.addInstrumentationToSingleClass(CoberturaInstrumenter.java:234)
	at net.sourceforge.cobertura.instrument.Main.addInstrumentationToSingleClass(Main.java:298)
	at net.sourceforge.cobertura.instrument.Main.addInstrumentation(Main.java:307)
	at net.sourceforge.cobertura.instrument.Main.addInstrumentation(Main.java:316)
	at net.sourceforge.cobertura.instrument.Main.addInstrumentation(Main.java:316)
	at net.sourceforge.cobertura.instrument.Main.addInstrumentation(Main.java:316)
	at net.sourceforge.cobertura.instrument.Main.addInstrumentation(Main.java:316)
	at net.sourceforge.cobertura.instrument.Main.addInstrumentation(Main.java:316)
	at net.sourceforge.cobertura.instrument.Main.addInstrumentation(Main.java:316)
	at net.sourceforge.cobertura.instrument.Main.addInstrumentation(Main.java:316)
	at net.sourceforge.cobertura.instrument.Main.addInstrumentation(Main.java:316)
	at net.sourceforge.cobertura.instrument.Main.parseArguments(Main.java:399)
	at net.sourceforge.cobertura.instrument.Main.main(Main.java:421)
	at usi.configuration.ExperimentManager.init(ExperimentManager.java:48)
	at usi.Main.testMain(Main.java:73)
	at sun.reflect.NativeMethodAccessorImpl.invoke0(Native Method)
	at sun.reflect.NativeMethodAccessorImpl.invoke(Unknown Source)
	at sun.reflect.DelegatingMethodAccessorImpl.invoke(Unknown Source)
	at java.lang.reflect.Method.invoke(Unknown Source)
	at com.rational.test.ft.sys.FtReflection.invokeMethod2Ext(FtReflection.java:1252)
	at com.rational.test.ft.sys.FtReflection.invokeMethodExt(FtReflection.java:1452)
	at com.rational.test.ft.sys.FtReflection.invokeMethodExt(FtReflection.java:1805)
	at com.rational.test.ft.script.RationalTestScript.runMainInner(RationalTestScript.java:1046)
	at com.rational.test.ft.script.RationalTestScript.runMain(RationalTestScript.java:970)
	at com.rational.test.ft.script.RationalTestScript.runMain(RationalTestScript.java:868)
	at sun.reflect.NativeMethodAccessorImpl.invoke0(Native Method)
	at sun.reflect.NativeMethodAccessorImpl.invoke(Unknown Source)
	at sun.reflect.DelegatingMethodAccessorImpl.invoke(Unknown Source)
	at java.lang.reflect.Method.invoke(Unknown Source)
	at com.rational.test.ft.sys.FtReflection.invokeMethod2Ext(FtReflection.java:1252)
	at com.rational.test.ft.sys.FtReflection.invokeMethodExt(FtReflection.java:1452)
	at com.rational.test.ft.sys.FtReflection.invokeMethodExt(FtReflection.java:1805)
	at com.rational.test.ft.application.ScriptPlayback.runScript(ScriptPlayback.java:881)
	at com.rational.test.ft.application.ScriptPlayback.run(ScriptPlayback.java:759)
	at com.rational.test.ft.application.RationalFtMain.run(RationalFtMain.java:2514)
	at com.rational.test.ft.application.RationalFtMain.main(RationalFtMain.java:355)
	at com.rational.test.ft.application.CommandLineApplication.run(CommandLineApplication.java:39)
	at sun.reflect.NativeMethodAccessorImpl.invoke0(Native Method)
	at sun.reflect.NativeMethodAccessorImpl.invoke(Unknown Source)
	at sun.reflect.DelegatingMethodAccessorImpl.invoke(Unknown Source)
	at java.lang.reflect.Method.invoke(Unknown Source)
	at org.eclipse.equinox.internal.app.EclipseAppContainer.callMethodWithException(EclipseAppContainer.java:587)
	at org.eclipse.equinox.internal.app.EclipseAppHandle.run(EclipseAppHandle.java:198)
	at org.eclipse.core.runtime.internal.adaptor.EclipseAppLauncher.runApplication(EclipseAppLauncher.java:134)
	at org.eclipse.core.runtime.internal.adaptor.EclipseAppLauncher.start(EclipseAppLauncher.java:104)
	at org.eclipse.core.runtime.adaptor.EclipseStarter.run(EclipseStarter.java:380)
	at org.eclipse.core.runtime.adaptor.EclipseStarter.run(EclipseStarter.java:235)
	at sun.reflect.NativeMethodAccessorImpl.invoke0(Native Method)
	at sun.reflect.NativeMethodAccessorImpl.invoke(Unknown Source)
	at sun.reflect.DelegatingMethodAccessorImpl.invoke(Unknown Source)
	at java.lang.reflect.Method.invoke(Unknown Source)
	at org.eclipse.equinox.launcher.Main.invokeFramework(Main.java:648)
	at org.eclipse.equinox.launcher.Main.basicRun(Main.java:603)
	at org.eclipse.equinox.launcher.Main.run(Main.java:1465)
	at org.eclipse.equinox.launcher.Main.main(Main.java:1438)
	at org.eclipse.core.launcher.Main.main(Main.java:34)
	at sun.reflect.NativeMethodAccessorImpl.invoke0(Native Method)
	at sun.reflect.NativeMethodAccessorImpl.invoke(Unknown Source)
	at sun.reflect.DelegatingMethodAccessorImpl.invoke(Unknown Source)
	at java.lang.reflect.Method.invoke(Unknown Source)
	at com.rational.test.ft.rational_ft.startFT(rational_ft.java:329)
	at com.rational.test.ft.rational_ft.main(rational_ft.java:186)
Caused by: java.lang.ClassNotFoundException: org/homeunix/thecave/buddi/plugin/builtin/cellrenderer/DefaultTransactionCellRenderer
	at java.lang.Class.forName0(Native Method)
	at java.lang.Class.forName(Unknown Source)
	at net.sourceforge.cobertura.instrument.CoberturaClassWriter.getCommonSuperClass(CoberturaClassWriter.java:32)
	... 79 more
WARN   instrumentClass, Unable to instrument file C:\workspace\ca.digitalcave.buddi\bin\org\homeunix\thecave\buddi\view\AboutFrame$1.class
java.lang.RuntimeException: java.lang.ClassNotFoundException: edu/stanford/ejalbert/BrowserLauncher
	at net.sourceforge.cobertura.instrument.CoberturaClassWriter.getCommonSuperClass(CoberturaClassWriter.java:48)
	at org.objectweb.asm.ClassWriter.a(Unknown Source)
	at org.objectweb.asm.Frame.a(Unknown Source)
	at org.objectweb.asm.Frame.a(Unknown Source)
	at org.objectweb.asm.MethodWriter.visitMaxs(Unknown Source)
	at org.objectweb.asm.MethodVisitor.visitMaxs(Unknown Source)
	at org.objectweb.asm.util.CheckMethodAdapter.visitMaxs(Unknown Source)
	at org.objectweb.asm.MethodVisitor.visitMaxs(Unknown Source)
	at org.objectweb.asm.commons.LocalVariablesSorter.visitMaxs(Unknown Source)
	at org.objectweb.asm.tree.MethodNode.accept(Unknown Source)
	at org.objectweb.asm.util.CheckMethodAdapter$1.visitEnd(Unknown Source)
	at org.objectweb.asm.MethodVisitor.visitEnd(Unknown Source)
	at org.objectweb.asm.util.CheckMethodAdapter.visitEnd(Unknown Source)
	at org.objectweb.asm.ClassReader.b(Unknown Source)
	at org.objectweb.asm.ClassReader.accept(Unknown Source)
	at org.objectweb.asm.ClassReader.accept(Unknown Source)
	at net.sourceforge.cobertura.instrument.CoberturaInstrumenter.instrumentClass(CoberturaInstrumenter.java:205)
	at net.sourceforge.cobertura.instrument.CoberturaInstrumenter.instrumentClass(CoberturaInstrumenter.java:121)
	at net.sourceforge.cobertura.instrument.CoberturaInstrumenter.addInstrumentationToSingleClass(CoberturaInstrumenter.java:234)
	at net.sourceforge.cobertura.instrument.Main.addInstrumentationToSingleClass(Main.java:298)
	at net.sourceforge.cobertura.instrument.Main.addInstrumentation(Main.java:307)
	at net.sourceforge.cobertura.instrument.Main.addInstrumentation(Main.java:316)
	at net.sourceforge.cobertura.instrument.Main.addInstrumentation(Main.java:316)
	at net.sourceforge.cobertura.instrument.Main.addInstrumentation(Main.java:316)
	at net.sourceforge.cobertura.instrument.Main.addInstrumentation(Main.java:316)
	at net.sourceforge.cobertura.instrument.Main.addInstrumentation(Main.java:316)
	at net.sourceforge.cobertura.instrument.Main.addInstrumentation(Main.java:316)
	at net.sourceforge.cobertura.instrument.Main.parseArguments(Main.java:399)
	at net.sourceforge.cobertura.instrument.Main.main(Main.java:421)
	at usi.configuration.ExperimentManager.init(ExperimentManager.java:48)
	at usi.Main.testMain(Main.java:73)
	at sun.reflect.NativeMethodAccessorImpl.invoke0(Native Method)
	at sun.reflect.NativeMethodAccessorImpl.invoke(Unknown Source)
	at sun.reflect.DelegatingMethodAccessorImpl.invoke(Unknown Source)
	at java.lang.reflect.Method.invoke(Unknown Source)
	at com.rational.test.ft.sys.FtReflection.invokeMethod2Ext(FtReflection.java:1252)
	at com.rational.test.ft.sys.FtReflection.invokeMethodExt(FtReflection.java:1452)
	at com.rational.test.ft.sys.FtReflection.invokeMethodExt(FtReflection.java:1805)
	at com.rational.test.ft.script.RationalTestScript.runMainInner(RationalTestScript.java:1046)
	at com.rational.test.ft.script.RationalTestScript.runMain(RationalTestScript.java:970)
	at com.rational.test.ft.script.RationalTestScript.runMain(RationalTestScript.java:868)
	at sun.reflect.NativeMethodAccessorImpl.invoke0(Native Method)
	at sun.reflect.NativeMethodAccessorImpl.invoke(Unknown Source)
	at sun.reflect.DelegatingMethodAccessorImpl.invoke(Unknown Source)
	at java.lang.reflect.Method.invoke(Unknown Source)
	at com.rational.test.ft.sys.FtReflection.invokeMethod2Ext(FtReflection.java:1252)
	at com.rational.test.ft.sys.FtReflection.invokeMethodExt(FtReflection.java:1452)
	at com.rational.test.ft.sys.FtReflection.invokeMethodExt(FtReflection.java:1805)
	at com.rational.test.ft.application.ScriptPlayback.runScript(ScriptPlayback.java:881)
	at com.rational.test.ft.application.ScriptPlayback.run(ScriptPlayback.java:759)
	at com.rational.test.ft.application.RationalFtMain.run(RationalFtMain.java:2514)
	at com.rational.test.ft.application.RationalFtMain.main(RationalFtMain.java:355)
	at com.rational.test.ft.application.CommandLineApplication.run(CommandLineApplication.java:39)
	at sun.reflect.NativeMethodAccessorImpl.invoke0(Native Method)
	at sun.reflect.NativeMethodAccessorImpl.invoke(Unknown Source)
	at sun.reflect.DelegatingMethodAccessorImpl.invoke(Unknown Source)
	at java.lang.reflect.Method.invoke(Unknown Source)
	at org.eclipse.equinox.internal.app.EclipseAppContainer.callMethodWithException(EclipseAppContainer.java:587)
	at org.eclipse.equinox.internal.app.EclipseAppHandle.run(EclipseAppHandle.java:198)
	at org.eclipse.core.runtime.internal.adaptor.EclipseAppLauncher.runApplication(EclipseAppLauncher.java:134)
	at org.eclipse.core.runtime.internal.adaptor.EclipseAppLauncher.start(EclipseAppLauncher.java:104)
	at org.eclipse.core.runtime.adaptor.EclipseStarter.run(EclipseStarter.java:380)
	at org.eclipse.core.runtime.adaptor.EclipseStarter.run(EclipseStarter.java:235)
	at sun.reflect.NativeMethodAccessorImpl.invoke0(Native Method)
	at sun.reflect.NativeMethodAccessorImpl.invoke(Unknown Source)
	at sun.reflect.DelegatingMethodAccessorImpl.invoke(Unknown Source)
	at java.lang.reflect.Method.invoke(Unknown Source)
	at org.eclipse.equinox.launcher.Main.invokeFramework(Main.java:648)
	at org.eclipse.equinox.launcher.Main.basicRun(Main.java:603)
	at org.eclipse.equinox.launcher.Main.run(Main.java:1465)
	at org.eclipse.equinox.launcher.Main.main(Main.java:1438)
	at org.eclipse.core.launcher.Main.main(Main.java:34)
	at sun.reflect.NativeMethodAccessorImpl.invoke0(Native Method)
	at sun.reflect.NativeMethodAccessorImpl.invoke(Unknown Source)
	at sun.reflect.DelegatingMethodAccessorImpl.invoke(Unknown Source)
	at java.lang.reflect.Method.invoke(Unknown Source)
	at com.rational.test.ft.rational_ft.startFT(rational_ft.java:329)
	at com.rational.test.ft.rational_ft.main(rational_ft.java:186)
Caused by: java.lang.ClassNotFoundException: edu/stanford/ejalbert/BrowserLauncher
	at java.lang.Class.forName0(Native Method)
	at java.lang.Class.forName(Unknown Source)
	at net.sourceforge.cobertura.instrument.CoberturaClassWriter.getCommonSuperClass(CoberturaClassWriter.java:45)
	... 77 more
WARN   instrumentClass, Unable to instrument file C:\workspace\ca.digitalcave.buddi\bin\org\homeunix\thecave\buddi\view\dialogs\ScheduledTransactionEditorDialog.class
java.lang.RuntimeException: java.lang.ClassNotFoundException: org/homeunix/thecave/buddi/plugin/api/exception/ModelException
	at net.sourceforge.cobertura.instrument.CoberturaClassWriter.getCommonSuperClass(CoberturaClassWriter.java:35)
	at org.objectweb.asm.ClassWriter.a(Unknown Source)
	at org.objectweb.asm.Frame.a(Unknown Source)
	at org.objectweb.asm.Frame.a(Unknown Source)
	at org.objectweb.asm.MethodWriter.visitMaxs(Unknown Source)
	at org.objectweb.asm.MethodVisitor.visitMaxs(Unknown Source)
	at org.objectweb.asm.util.CheckMethodAdapter.visitMaxs(Unknown Source)
	at org.objectweb.asm.MethodVisitor.visitMaxs(Unknown Source)
	at org.objectweb.asm.commons.LocalVariablesSorter.visitMaxs(Unknown Source)
	at org.objectweb.asm.tree.MethodNode.accept(Unknown Source)
	at org.objectweb.asm.util.CheckMethodAdapter$1.visitEnd(Unknown Source)
	at org.objectweb.asm.MethodVisitor.visitEnd(Unknown Source)
	at org.objectweb.asm.util.CheckMethodAdapter.visitEnd(Unknown Source)
	at org.objectweb.asm.ClassReader.b(Unknown Source)
	at org.objectweb.asm.ClassReader.accept(Unknown Source)
	at org.objectweb.asm.ClassReader.accept(Unknown Source)
	at net.sourceforge.cobertura.instrument.CoberturaInstrumenter.instrumentClass(CoberturaInstrumenter.java:205)
	at net.sourceforge.cobertura.instrument.CoberturaInstrumenter.instrumentClass(CoberturaInstrumenter.java:121)
	at net.sourceforge.cobertura.instrument.CoberturaInstrumenter.addInstrumentationToSingleClass(CoberturaInstrumenter.java:234)
	at net.sourceforge.cobertura.instrument.Main.addInstrumentationToSingleClass(Main.java:298)
	at net.sourceforge.cobertura.instrument.Main.addInstrumentation(Main.java:307)
	at net.sourceforge.cobertura.instrument.Main.addInstrumentation(Main.java:316)
	at net.sourceforge.cobertura.instrument.Main.addInstrumentation(Main.java:316)
	at net.sourceforge.cobertura.instrument.Main.addInstrumentation(Main.java:316)
	at net.sourceforge.cobertura.instrument.Main.addInstrumentation(Main.java:316)
	at net.sourceforge.cobertura.instrument.Main.addInstrumentation(Main.java:316)
	at net.sourceforge.cobertura.instrument.Main.addInstrumentation(Main.java:316)
	at net.sourceforge.cobertura.instrument.Main.addInstrumentation(Main.java:316)
	at net.sourceforge.cobertura.instrument.Main.parseArguments(Main.java:399)
	at net.sourceforge.cobertura.instrument.Main.main(Main.java:421)
	at usi.configuration.ExperimentManager.init(ExperimentManager.java:48)
	at usi.Main.testMain(Main.java:73)
	at sun.reflect.NativeMethodAccessorImpl.invoke0(Native Method)
	at sun.reflect.NativeMethodAccessorImpl.invoke(Unknown Source)
	at sun.reflect.DelegatingMethodAccessorImpl.invoke(Unknown Source)
	at java.lang.reflect.Method.invoke(Unknown Source)
	at com.rational.test.ft.sys.FtReflection.invokeMethod2Ext(FtReflection.java:1252)
	at com.rational.test.ft.sys.FtReflection.invokeMethodExt(FtReflection.java:1452)
	at com.rational.test.ft.sys.FtReflection.invokeMethodExt(FtReflection.java:1805)
	at com.rational.test.ft.script.RationalTestScript.runMainInner(RationalTestScript.java:1046)
	at com.rational.test.ft.script.RationalTestScript.runMain(RationalTestScript.java:970)
	at com.rational.test.ft.script.RationalTestScript.runMain(RationalTestScript.java:868)
	at sun.reflect.NativeMethodAccessorImpl.invoke0(Native Method)
	at sun.reflect.NativeMethodAccessorImpl.invoke(Unknown Source)
	at sun.reflect.DelegatingMethodAccessorImpl.invoke(Unknown Source)
	at java.lang.reflect.Method.invoke(Unknown Source)
	at com.rational.test.ft.sys.FtReflection.invokeMethod2Ext(FtReflection.java:1252)
	at com.rational.test.ft.sys.FtReflection.invokeMethodExt(FtReflection.java:1452)
	at com.rational.test.ft.sys.FtReflection.invokeMethodExt(FtReflection.java:1805)
	at com.rational.test.ft.application.ScriptPlayback.runScript(ScriptPlayback.java:881)
	at com.rational.test.ft.application.ScriptPlayback.run(ScriptPlayback.java:759)
	at com.rational.test.ft.application.RationalFtMain.run(RationalFtMain.java:2514)
	at com.rational.test.ft.application.RationalFtMain.main(RationalFtMain.java:355)
	at com.rational.test.ft.application.CommandLineApplication.run(CommandLineApplication.java:39)
	at sun.reflect.NativeMethodAccessorImpl.invoke0(Native Method)
	at sun.reflect.NativeMethodAccessorImpl.invoke(Unknown Source)
	at sun.reflect.DelegatingMethodAccessorImpl.invoke(Unknown Source)
	at java.lang.reflect.Method.invoke(Unknown Source)
	at org.eclipse.equinox.internal.app.EclipseAppContainer.callMethodWithException(EclipseAppContainer.java:587)
	at org.eclipse.equinox.internal.app.EclipseAppHandle.run(EclipseAppHandle.java:198)
	at org.eclipse.core.runtime.internal.adaptor.EclipseAppLauncher.runApplication(EclipseAppLauncher.java:134)
	at org.eclipse.core.runtime.internal.adaptor.EclipseAppLauncher.start(EclipseAppLauncher.java:104)
	at org.eclipse.core.runtime.adaptor.EclipseStarter.run(EclipseStarter.java:380)
	at org.eclipse.core.runtime.adaptor.EclipseStarter.run(EclipseStarter.java:235)
	at sun.reflect.NativeMethodAccessorImpl.invoke0(Native Method)
	at sun.reflect.NativeMethodAccessorImpl.invoke(Unknown Source)
	at sun.reflect.DelegatingMethodAccessorImpl.invoke(Unknown Source)
	at java.lang.reflect.Method.invoke(Unknown Source)
	at org.eclipse.equinox.launcher.Main.invokeFramework(Main.java:648)
	at org.eclipse.equinox.launcher.Main.basicRun(Main.java:603)
	at org.eclipse.equinox.launcher.Main.run(Main.java:1465)
	at org.eclipse.equinox.launcher.Main.main(Main.java:1438)
	at org.eclipse.core.launcher.Main.main(Main.java:34)
	at sun.reflect.NativeMethodAccessorImpl.invoke0(Native Method)
	at sun.reflect.NativeMethodAccessorImpl.invoke(Unknown Source)
	at sun.reflect.DelegatingMethodAccessorImpl.invoke(Unknown Source)
	at java.lang.reflect.Method.invoke(Unknown Source)
	at com.rational.test.ft.rational_ft.startFT(rational_ft.java:329)
	at com.rational.test.ft.rational_ft.main(rational_ft.java:186)
Caused by: java.lang.ClassNotFoundException: org/homeunix/thecave/buddi/plugin/api/exception/ModelException
	at java.lang.Class.forName0(Native Method)
	at java.lang.Class.forName(Unknown Source)
	at net.sourceforge.cobertura.instrument.CoberturaClassWriter.getCommonSuperClass(CoberturaClassWriter.java:32)
	... 78 more
WARN   instrumentClass, Unable to instrument file C:\workspace\ca.digitalcave.buddi\bin\org\homeunix\thecave\buddi\view\menu\items\EditEditAllTransactions.class
java.lang.RuntimeException: java.lang.ClassNotFoundException: ca/digitalcave/moss/swing/exception/WindowOpenException
	at net.sourceforge.cobertura.instrument.CoberturaClassWriter.getCommonSuperClass(CoberturaClassWriter.java:35)
	at org.objectweb.asm.ClassWriter.a(Unknown Source)
	at org.objectweb.asm.Frame.a(Unknown Source)
	at org.objectweb.asm.Frame.a(Unknown Source)
	at org.objectweb.asm.MethodWriter.visitMaxs(Unknown Source)
	at org.objectweb.asm.MethodVisitor.visitMaxs(Unknown Source)
	at org.objectweb.asm.util.CheckMethodAdapter.visitMaxs(Unknown Source)
	at org.objectweb.asm.MethodVisitor.visitMaxs(Unknown Source)
	at org.objectweb.asm.commons.LocalVariablesSorter.visitMaxs(Unknown Source)
	at org.objectweb.asm.tree.MethodNode.accept(Unknown Source)
	at org.objectweb.asm.util.CheckMethodAdapter$1.visitEnd(Unknown Source)
	at org.objectweb.asm.MethodVisitor.visitEnd(Unknown Source)
	at org.objectweb.asm.util.CheckMethodAdapter.visitEnd(Unknown Source)
	at org.objectweb.asm.ClassReader.b(Unknown Source)
	at org.objectweb.asm.ClassReader.accept(Unknown Source)
	at org.objectweb.asm.ClassReader.accept(Unknown Source)
	at net.sourceforge.cobertura.instrument.CoberturaInstrumenter.instrumentClass(CoberturaInstrumenter.java:205)
	at net.sourceforge.cobertura.instrument.CoberturaInstrumenter.instrumentClass(CoberturaInstrumenter.java:121)
	at net.sourceforge.cobertura.instrument.CoberturaInstrumenter.addInstrumentationToSingleClass(CoberturaInstrumenter.java:234)
	at net.sourceforge.cobertura.instrument.Main.addInstrumentationToSingleClass(Main.java:298)
	at net.sourceforge.cobertura.instrument.Main.addInstrumentation(Main.java:307)
	at net.sourceforge.cobertura.instrument.Main.addInstrumentation(Main.java:316)
	at net.sourceforge.cobertura.instrument.Main.addInstrumentation(Main.java:316)
	at net.sourceforge.cobertura.instrument.Main.addInstrumentation(Main.java:316)
	at net.sourceforge.cobertura.instrument.Main.addInstrumentation(Main.java:316)
	at net.sourceforge.cobertura.instrument.Main.addInstrumentation(Main.java:316)
	at net.sourceforge.cobertura.instrument.Main.addInstrumentation(Main.java:316)
	at net.sourceforge.cobertura.instrument.Main.addInstrumentation(Main.java:316)
	at net.sourceforge.cobertura.instrument.Main.addInstrumentation(Main.java:316)
	at net.sourceforge.cobertura.instrument.Main.parseArguments(Main.java:399)
	at net.sourceforge.cobertura.instrument.Main.main(Main.java:421)
	at usi.configuration.ExperimentManager.init(ExperimentManager.java:48)
	at usi.Main.testMain(Main.java:73)
	at sun.reflect.NativeMethodAccessorImpl.invoke0(Native Method)
	at sun.reflect.NativeMethodAccessorImpl.invoke(Unknown Source)
	at sun.reflect.DelegatingMethodAccessorImpl.invoke(Unknown Source)
	at java.lang.reflect.Method.invoke(Unknown Source)
	at com.rational.test.ft.sys.FtReflection.invokeMethod2Ext(FtReflection.java:1252)
	at com.rational.test.ft.sys.FtReflection.invokeMethodExt(FtReflection.java:1452)
	at com.rational.test.ft.sys.FtReflection.invokeMethodExt(FtReflection.java:1805)
	at com.rational.test.ft.script.RationalTestScript.runMainInner(RationalTestScript.java:1046)
	at com.rational.test.ft.script.RationalTestScript.runMain(RationalTestScript.java:970)
	at com.rational.test.ft.script.RationalTestScript.runMain(RationalTestScript.java:868)
	at sun.reflect.NativeMethodAccessorImpl.invoke0(Native Method)
	at sun.reflect.NativeMethodAccessorImpl.invoke(Unknown Source)
	at sun.reflect.DelegatingMethodAccessorImpl.invoke(Unknown Source)
	at java.lang.reflect.Method.invoke(Unknown Source)
	at com.rational.test.ft.sys.FtReflection.invokeMethod2Ext(FtReflection.java:1252)
	at com.rational.test.ft.sys.FtReflection.invokeMethodExt(FtReflection.java:1452)
	at com.rational.test.ft.sys.FtReflection.invokeMethodExt(FtReflection.java:1805)
	at com.rational.test.ft.application.ScriptPlayback.runScript(ScriptPlayback.java:881)
	at com.rational.test.ft.application.ScriptPlayback.run(ScriptPlayback.java:759)
	at com.rational.test.ft.application.RationalFtMain.run(RationalFtMain.java:2514)
	at com.rational.test.ft.application.RationalFtMain.main(RationalFtMain.java:355)
	at com.rational.test.ft.application.CommandLineApplication.run(CommandLineApplication.java:39)
	at sun.reflect.NativeMethodAccessorImpl.invoke0(Native Method)
	at sun.reflect.NativeMethodAccessorImpl.invoke(Unknown Source)
	at sun.reflect.DelegatingMethodAccessorImpl.invoke(Unknown Source)
	at java.lang.reflect.Method.invoke(Unknown Source)
	at org.eclipse.equinox.internal.app.EclipseAppContainer.callMethodWithException(EclipseAppContainer.java:587)
	at org.eclipse.equinox.internal.app.EclipseAppHandle.run(EclipseAppHandle.java:198)
	at org.eclipse.core.runtime.internal.adaptor.EclipseAppLauncher.runApplication(EclipseAppLauncher.java:134)
	at org.eclipse.core.runtime.internal.adaptor.EclipseAppLauncher.start(EclipseAppLauncher.java:104)
	at org.eclipse.core.runtime.adaptor.EclipseStarter.run(EclipseStarter.java:380)
	at org.eclipse.core.runtime.adaptor.EclipseStarter.run(EclipseStarter.java:235)
	at sun.reflect.NativeMethodAccessorImpl.invoke0(Native Method)
	at sun.reflect.NativeMethodAccessorImpl.invoke(Unknown Source)
	at sun.reflect.DelegatingMethodAccessorImpl.invoke(Unknown Source)
	at java.lang.reflect.Method.invoke(Unknown Source)
	at org.eclipse.equinox.launcher.Main.invokeFramework(Main.java:648)
	at org.eclipse.equinox.launcher.Main.basicRun(Main.java:603)
	at org.eclipse.equinox.launcher.Main.run(Main.java:1465)
	at org.eclipse.equinox.launcher.Main.main(Main.java:1438)
	at org.eclipse.core.launcher.Main.main(Main.java:34)
	at sun.reflect.NativeMethodAccessorImpl.invoke0(Native Method)
	at sun.reflect.NativeMethodAccessorImpl.invoke(Unknown Source)
	at sun.reflect.DelegatingMethodAccessorImpl.invoke(Unknown Source)
	at java.lang.reflect.Method.invoke(Unknown Source)
	at com.rational.test.ft.rational_ft.startFT(rational_ft.java:329)
	at com.rational.test.ft.rational_ft.main(rational_ft.java:186)
Caused by: java.lang.ClassNotFoundException: ca/digitalcave/moss/swing/exception/WindowOpenException
	at java.lang.Class.forName0(Native Method)
	at java.lang.Class.forName(Unknown Source)
	at net.sourceforge.cobertura.instrument.CoberturaClassWriter.getCommonSuperClass(CoberturaClassWriter.java:32)
	... 79 more
WARN   instrumentClass, Unable to instrument file C:\workspace\ca.digitalcave.buddi\bin\org\homeunix\thecave\buddi\view\menu\items\EditEditScheduledTransactions.class
java.lang.RuntimeException: java.lang.ClassNotFoundException: ca/digitalcave/moss/swing/exception/WindowOpenException
	at net.sourceforge.cobertura.instrument.CoberturaClassWriter.getCommonSuperClass(CoberturaClassWriter.java:35)
	at org.objectweb.asm.ClassWriter.a(Unknown Source)
	at org.objectweb.asm.Frame.a(Unknown Source)
	at org.objectweb.asm.Frame.a(Unknown Source)
	at org.objectweb.asm.MethodWriter.visitMaxs(Unknown Source)
	at org.objectweb.asm.MethodVisitor.visitMaxs(Unknown Source)
	at org.objectweb.asm.util.CheckMethodAdapter.visitMaxs(Unknown Source)
	at org.objectweb.asm.MethodVisitor.visitMaxs(Unknown Source)
	at org.objectweb.asm.commons.LocalVariablesSorter.visitMaxs(Unknown Source)
	at org.objectweb.asm.tree.MethodNode.accept(Unknown Source)
	at org.objectweb.asm.util.CheckMethodAdapter$1.visitEnd(Unknown Source)
	at org.objectweb.asm.MethodVisitor.visitEnd(Unknown Source)
	at org.objectweb.asm.util.CheckMethodAdapter.visitEnd(Unknown Source)
	at org.objectweb.asm.ClassReader.b(Unknown Source)
	at org.objectweb.asm.ClassReader.accept(Unknown Source)
	at org.objectweb.asm.ClassReader.accept(Unknown Source)
	at net.sourceforge.cobertura.instrument.CoberturaInstrumenter.instrumentClass(CoberturaInstrumenter.java:205)
	at net.sourceforge.cobertura.instrument.CoberturaInstrumenter.instrumentClass(CoberturaInstrumenter.java:121)
	at net.sourceforge.cobertura.instrument.CoberturaInstrumenter.addInstrumentationToSingleClass(CoberturaInstrumenter.java:234)
	at net.sourceforge.cobertura.instrument.Main.addInstrumentationToSingleClass(Main.java:298)
	at net.sourceforge.cobertura.instrument.Main.addInstrumentation(Main.java:307)
	at net.sourceforge.cobertura.instrument.Main.addInstrumentation(Main.java:316)
	at net.sourceforge.cobertura.instrument.Main.addInstrumentation(Main.java:316)
	at net.sourceforge.cobertura.instrument.Main.addInstrumentation(Main.java:316)
	at net.sourceforge.cobertura.instrument.Main.addInstrumentation(Main.java:316)
	at net.sourceforge.cobertura.instrument.Main.addInstrumentation(Main.java:316)
	at net.sourceforge.cobertura.instrument.Main.addInstrumentation(Main.java:316)
	at net.sourceforge.cobertura.instrument.Main.addInstrumentation(Main.java:316)
	at net.sourceforge.cobertura.instrument.Main.addInstrumentation(Main.java:316)
	at net.sourceforge.cobertura.instrument.Main.parseArguments(Main.java:399)
	at net.sourceforge.cobertura.instrument.Main.main(Main.java:421)
	at usi.configuration.ExperimentManager.init(ExperimentManager.java:48)
	at usi.Main.testMain(Main.java:73)
	at sun.reflect.NativeMethodAccessorImpl.invoke0(Native Method)
	at sun.reflect.NativeMethodAccessorImpl.invoke(Unknown Source)
	at sun.reflect.DelegatingMethodAccessorImpl.invoke(Unknown Source)
	at java.lang.reflect.Method.invoke(Unknown Source)
	at com.rational.test.ft.sys.FtReflection.invokeMethod2Ext(FtReflection.java:1252)
	at com.rational.test.ft.sys.FtReflection.invokeMethodExt(FtReflection.java:1452)
	at com.rational.test.ft.sys.FtReflection.invokeMethodExt(FtReflection.java:1805)
	at com.rational.test.ft.script.RationalTestScript.runMainInner(RationalTestScript.java:1046)
	at com.rational.test.ft.script.RationalTestScript.runMain(RationalTestScript.java:970)
	at com.rational.test.ft.script.RationalTestScript.runMain(RationalTestScript.java:868)
	at sun.reflect.NativeMethodAccessorImpl.invoke0(Native Method)
	at sun.reflect.NativeMethodAccessorImpl.invoke(Unknown Source)
	at sun.reflect.DelegatingMethodAccessorImpl.invoke(Unknown Source)
	at java.lang.reflect.Method.invoke(Unknown Source)
	at com.rational.test.ft.sys.FtReflection.invokeMethod2Ext(FtReflection.java:1252)
	at com.rational.test.ft.sys.FtReflection.invokeMethodExt(FtReflection.java:1452)
	at com.rational.test.ft.sys.FtReflection.invokeMethodExt(FtReflection.java:1805)
	at com.rational.test.ft.application.ScriptPlayback.runScript(ScriptPlayback.java:881)
	at com.rational.test.ft.application.ScriptPlayback.run(ScriptPlayback.java:759)
	at com.rational.test.ft.application.RationalFtMain.run(RationalFtMain.java:2514)
	at com.rational.test.ft.application.RationalFtMain.main(RationalFtMain.java:355)
	at com.rational.test.ft.application.CommandLineApplication.run(CommandLineApplication.java:39)
	at sun.reflect.NativeMethodAccessorImpl.invoke0(Native Method)
	at sun.reflect.NativeMethodAccessorImpl.invoke(Unknown Source)
	at sun.reflect.DelegatingMethodAccessorImpl.invoke(Unknown Source)
	at java.lang.reflect.Method.invoke(Unknown Source)
	at org.eclipse.equinox.internal.app.EclipseAppContainer.callMethodWithException(EclipseAppContainer.java:587)
	at org.eclipse.equinox.internal.app.EclipseAppHandle.run(EclipseAppHandle.java:198)
	at org.eclipse.core.runtime.internal.adaptor.EclipseAppLauncher.runApplication(EclipseAppLauncher.java:134)
	at org.eclipse.core.runtime.internal.adaptor.EclipseAppLauncher.start(EclipseAppLauncher.java:104)
	at org.eclipse.core.runtime.adaptor.EclipseStarter.run(EclipseStarter.java:380)
	at org.eclipse.core.runtime.adaptor.EclipseStarter.run(EclipseStarter.java:235)
	at sun.reflect.NativeMethodAccessorImpl.invoke0(Native Method)
	at sun.reflect.NativeMethodAccessorImpl.invoke(Unknown Source)
	at sun.reflect.DelegatingMethodAccessorImpl.invoke(Unknown Source)
	at java.lang.reflect.Method.invoke(Unknown Source)
	at org.eclipse.equinox.launcher.Main.invokeFramework(Main.java:648)
	at org.eclipse.equinox.launcher.Main.basicRun(Main.java:603)
	at org.eclipse.equinox.launcher.Main.run(Main.java:1465)
	at org.eclipse.equinox.launcher.Main.main(Main.java:1438)
	at org.eclipse.core.launcher.Main.main(Main.java:34)
	at sun.reflect.NativeMethodAccessorImpl.invoke0(Native Method)
	at sun.reflect.NativeMethodAccessorImpl.invoke(Unknown Source)
	at sun.reflect.DelegatingMethodAccessorImpl.invoke(Unknown Source)
	at java.lang.reflect.Method.invoke(Unknown Source)
	at com.rational.test.ft.rational_ft.startFT(rational_ft.java:329)
	at com.rational.test.ft.rational_ft.main(rational_ft.java:186)
Caused by: java.lang.ClassNotFoundException: ca/digitalcave/moss/swing/exception/WindowOpenException
	at java.lang.Class.forName0(Native Method)
	at java.lang.Class.forName(Unknown Source)
	at net.sourceforge.cobertura.instrument.CoberturaClassWriter.getCommonSuperClass(CoberturaClassWriter.java:32)
	... 79 more
WARN   instrumentClass, Unable to instrument file C:\workspace\ca.digitalcave.buddi\bin\org\homeunix\thecave\buddi\view\menu\items\FileNew.class
java.lang.RuntimeException: java.lang.ClassNotFoundException: org/homeunix/thecave/buddi/plugin/api/exception/ModelException
	at net.sourceforge.cobertura.instrument.CoberturaClassWriter.getCommonSuperClass(CoberturaClassWriter.java:35)
	at org.objectweb.asm.ClassWriter.a(Unknown Source)
	at org.objectweb.asm.Frame.a(Unknown Source)
	at org.objectweb.asm.Frame.a(Unknown Source)
	at org.objectweb.asm.MethodWriter.visitMaxs(Unknown Source)
	at org.objectweb.asm.MethodVisitor.visitMaxs(Unknown Source)
	at org.objectweb.asm.util.CheckMethodAdapter.visitMaxs(Unknown Source)
	at org.objectweb.asm.MethodVisitor.visitMaxs(Unknown Source)
	at org.objectweb.asm.commons.LocalVariablesSorter.visitMaxs(Unknown Source)
	at org.objectweb.asm.tree.MethodNode.accept(Unknown Source)
	at org.objectweb.asm.util.CheckMethodAdapter$1.visitEnd(Unknown Source)
	at org.objectweb.asm.MethodVisitor.visitEnd(Unknown Source)
	at org.objectweb.asm.util.CheckMethodAdapter.visitEnd(Unknown Source)
	at org.objectweb.asm.ClassReader.b(Unknown Source)
	at org.objectweb.asm.ClassReader.accept(Unknown Source)
	at org.objectweb.asm.ClassReader.accept(Unknown Source)
	at net.sourceforge.cobertura.instrument.CoberturaInstrumenter.instrumentClass(CoberturaInstrumenter.java:205)
	at net.sourceforge.cobertura.instrument.CoberturaInstrumenter.instrumentClass(CoberturaInstrumenter.java:121)
	at net.sourceforge.cobertura.instrument.CoberturaInstrumenter.addInstrumentationToSingleClass(CoberturaInstrumenter.java:234)
	at net.sourceforge.cobertura.instrument.Main.addInstrumentationToSingleClass(Main.java:298)
	at net.sourceforge.cobertura.instrument.Main.addInstrumentation(Main.java:307)
	at net.sourceforge.cobertura.instrument.Main.addInstrumentation(Main.java:316)
	at net.sourceforge.cobertura.instrument.Main.addInstrumentation(Main.java:316)
	at net.sourceforge.cobertura.instrument.Main.addInstrumentation(Main.java:316)
	at net.sourceforge.cobertura.instrument.Main.addInstrumentation(Main.java:316)
	at net.sourceforge.cobertura.instrument.Main.addInstrumentation(Main.java:316)
	at net.sourceforge.cobertura.instrument.Main.addInstrumentation(Main.java:316)
	at net.sourceforge.cobertura.instrument.Main.addInstrumentation(Main.java:316)
	at net.sourceforge.cobertura.instrument.Main.addInstrumentation(Main.java:316)
	at net.sourceforge.cobertura.instrument.Main.parseArguments(Main.java:399)
	at net.sourceforge.cobertura.instrument.Main.main(Main.java:421)
	at usi.configuration.ExperimentManager.init(ExperimentManager.java:48)
	at usi.Main.testMain(Main.java:73)
	at sun.reflect.NativeMethodAccessorImpl.invoke0(Native Method)
	at sun.reflect.NativeMethodAccessorImpl.invoke(Unknown Source)
	at sun.reflect.DelegatingMethodAccessorImpl.invoke(Unknown Source)
	at java.lang.reflect.Method.invoke(Unknown Source)
	at com.rational.test.ft.sys.FtReflection.invokeMethod2Ext(FtReflection.java:1252)
	at com.rational.test.ft.sys.FtReflection.invokeMethodExt(FtReflection.java:1452)
	at com.rational.test.ft.sys.FtReflection.invokeMethodExt(FtReflection.java:1805)
	at com.rational.test.ft.script.RationalTestScript.runMainInner(RationalTestScript.java:1046)
	at com.rational.test.ft.script.RationalTestScript.runMain(RationalTestScript.java:970)
	at com.rational.test.ft.script.RationalTestScript.runMain(RationalTestScript.java:868)
	at sun.reflect.NativeMethodAccessorImpl.invoke0(Native Method)
	at sun.reflect.NativeMethodAccessorImpl.invoke(Unknown Source)
	at sun.reflect.DelegatingMethodAccessorImpl.invoke(Unknown Source)
	at java.lang.reflect.Method.invoke(Unknown Source)
	at com.rational.test.ft.sys.FtReflection.invokeMethod2Ext(FtReflection.java:1252)
	at com.rational.test.ft.sys.FtReflection.invokeMethodExt(FtReflection.java:1452)
	at com.rational.test.ft.sys.FtReflection.invokeMethodExt(FtReflection.java:1805)
	at com.rational.test.ft.application.ScriptPlayback.runScript(ScriptPlayback.java:881)
	at com.rational.test.ft.application.ScriptPlayback.run(ScriptPlayback.java:759)
	at com.rational.test.ft.application.RationalFtMain.run(RationalFtMain.java:2514)
	at com.rational.test.ft.application.RationalFtMain.main(RationalFtMain.java:355)
	at com.rational.test.ft.application.CommandLineApplication.run(CommandLineApplication.java:39)
	at sun.reflect.NativeMethodAccessorImpl.invoke0(Native Method)
	at sun.reflect.NativeMethodAccessorImpl.invoke(Unknown Source)
	at sun.reflect.DelegatingMethodAccessorImpl.invoke(Unknown Source)
	at java.lang.reflect.Method.invoke(Unknown Source)
	at org.eclipse.equinox.internal.app.EclipseAppContainer.callMethodWithException(EclipseAppContainer.java:587)
	at org.eclipse.equinox.internal.app.EclipseAppHandle.run(EclipseAppHandle.java:198)
	at org.eclipse.core.runtime.internal.adaptor.EclipseAppLauncher.runApplication(EclipseAppLauncher.java:134)
	at org.eclipse.core.runtime.internal.adaptor.EclipseAppLauncher.start(EclipseAppLauncher.java:104)
	at org.eclipse.core.runtime.adaptor.EclipseStarter.run(EclipseStarter.java:380)
	at org.eclipse.core.runtime.adaptor.EclipseStarter.run(EclipseStarter.java:235)
	at sun.reflect.NativeMethodAccessorImpl.invoke0(Native Method)
	at sun.reflect.NativeMethodAccessorImpl.invoke(Unknown Source)
	at sun.reflect.DelegatingMethodAccessorImpl.invoke(Unknown Source)
	at java.lang.reflect.Method.invoke(Unknown Source)
	at org.eclipse.equinox.launcher.Main.invokeFramework(Main.java:648)
	at org.eclipse.equinox.launcher.Main.basicRun(Main.java:603)
	at org.eclipse.equinox.launcher.Main.run(Main.java:1465)
	at org.eclipse.equinox.launcher.Main.main(Main.java:1438)
	at org.eclipse.core.launcher.Main.main(Main.java:34)
	at sun.reflect.NativeMethodAccessorImpl.invoke0(Native Method)
	at sun.reflect.NativeMethodAccessorImpl.invoke(Unknown Source)
	at sun.reflect.DelegatingMethodAccessorImpl.invoke(Unknown Source)
	at java.lang.reflect.Method.invoke(Unknown Source)
	at com.rational.test.ft.rational_ft.startFT(rational_ft.java:329)
	at com.rational.test.ft.rational_ft.main(rational_ft.java:186)
Caused by: java.lang.ClassNotFoundException: org/homeunix/thecave/buddi/plugin/api/exception/ModelException
	at java.lang.Class.forName0(Native Method)
	at java.lang.Class.forName(Unknown Source)
	at net.sourceforge.cobertura.instrument.CoberturaClassWriter.getCommonSuperClass(CoberturaClassWriter.java:32)
	... 79 more
WARN   instrumentClass, Unable to instrument file C:\workspace\ca.digitalcave.buddi\bin\org\homeunix\thecave\buddi\view\menu\items\FileOpen.class
java.lang.RuntimeException: java.lang.ClassNotFoundException: org/homeunix/thecave/buddi/util/OperationCancelledException
	at net.sourceforge.cobertura.instrument.CoberturaClassWriter.getCommonSuperClass(CoberturaClassWriter.java:35)
	at org.objectweb.asm.ClassWriter.a(Unknown Source)
	at org.objectweb.asm.Frame.a(Unknown Source)
	at org.objectweb.asm.Frame.a(Unknown Source)
	at org.objectweb.asm.MethodWriter.visitMaxs(Unknown Source)
	at org.objectweb.asm.MethodVisitor.visitMaxs(Unknown Source)
	at org.objectweb.asm.util.CheckMethodAdapter.visitMaxs(Unknown Source)
	at org.objectweb.asm.MethodVisitor.visitMaxs(Unknown Source)
	at org.objectweb.asm.commons.LocalVariablesSorter.visitMaxs(Unknown Source)
	at org.objectweb.asm.tree.MethodNode.accept(Unknown Source)
	at org.objectweb.asm.util.CheckMethodAdapter$1.visitEnd(Unknown Source)
	at org.objectweb.asm.MethodVisitor.visitEnd(Unknown Source)
	at org.objectweb.asm.util.CheckMethodAdapter.visitEnd(Unknown Source)
	at org.objectweb.asm.ClassReader.b(Unknown Source)
	at org.objectweb.asm.ClassReader.accept(Unknown Source)
	at org.objectweb.asm.ClassReader.accept(Unknown Source)
	at net.sourceforge.cobertura.instrument.CoberturaInstrumenter.instrumentClass(CoberturaInstrumenter.java:205)
	at net.sourceforge.cobertura.instrument.CoberturaInstrumenter.instrumentClass(CoberturaInstrumenter.java:121)
	at net.sourceforge.cobertura.instrument.CoberturaInstrumenter.addInstrumentationToSingleClass(CoberturaInstrumenter.java:234)
	at net.sourceforge.cobertura.instrument.Main.addInstrumentationToSingleClass(Main.java:298)
	at net.sourceforge.cobertura.instrument.Main.addInstrumentation(Main.java:307)
	at net.sourceforge.cobertura.instrument.Main.addInstrumentation(Main.java:316)
	at net.sourceforge.cobertura.instrument.Main.addInstrumentation(Main.java:316)
	at net.sourceforge.cobertura.instrument.Main.addInstrumentation(Main.java:316)
	at net.sourceforge.cobertura.instrument.Main.addInstrumentation(Main.java:316)
	at net.sourceforge.cobertura.instrument.Main.addInstrumentation(Main.java:316)
	at net.sourceforge.cobertura.instrument.Main.addInstrumentation(Main.java:316)
	at net.sourceforge.cobertura.instrument.Main.addInstrumentation(Main.java:316)
	at net.sourceforge.cobertura.instrument.Main.addInstrumentation(Main.java:316)
	at net.sourceforge.cobertura.instrument.Main.parseArguments(Main.java:399)
	at net.sourceforge.cobertura.instrument.Main.main(Main.java:421)
	at usi.configuration.ExperimentManager.init(ExperimentManager.java:48)
	at usi.Main.testMain(Main.java:73)
	at sun.reflect.NativeMethodAccessorImpl.invoke0(Native Method)
	at sun.reflect.NativeMethodAccessorImpl.invoke(Unknown Source)
	at sun.reflect.DelegatingMethodAccessorImpl.invoke(Unknown Source)
	at java.lang.reflect.Method.invoke(Unknown Source)
	at com.rational.test.ft.sys.FtReflection.invokeMethod2Ext(FtReflection.java:1252)
	at com.rational.test.ft.sys.FtReflection.invokeMethodExt(FtReflection.java:1452)
	at com.rational.test.ft.sys.FtReflection.invokeMethodExt(FtReflection.java:1805)
	at com.rational.test.ft.script.RationalTestScript.runMainInner(RationalTestScript.java:1046)
	at com.rational.test.ft.script.RationalTestScript.runMain(RationalTestScript.java:970)
	at com.rational.test.ft.script.RationalTestScript.runMain(RationalTestScript.java:868)
	at sun.reflect.NativeMethodAccessorImpl.invoke0(Native Method)
	at sun.reflect.NativeMethodAccessorImpl.invoke(Unknown Source)
	at sun.reflect.DelegatingMethodAccessorImpl.invoke(Unknown Source)
	at java.lang.reflect.Method.invoke(Unknown Source)
	at com.rational.test.ft.sys.FtReflection.invokeMethod2Ext(FtReflection.java:1252)
	at com.rational.test.ft.sys.FtReflection.invokeMethodExt(FtReflection.java:1452)
	at com.rational.test.ft.sys.FtReflection.invokeMethodExt(FtReflection.java:1805)
	at com.rational.test.ft.application.ScriptPlayback.runScript(ScriptPlayback.java:881)
	at com.rational.test.ft.application.ScriptPlayback.run(ScriptPlayback.java:759)
	at com.rational.test.ft.application.RationalFtMain.run(RationalFtMain.java:2514)
	at com.rational.test.ft.application.RationalFtMain.main(RationalFtMain.java:355)
	at com.rational.test.ft.application.CommandLineApplication.run(CommandLineApplication.java:39)
	at sun.reflect.NativeMethodAccessorImpl.invoke0(Native Method)
	at sun.reflect.NativeMethodAccessorImpl.invoke(Unknown Source)
	at sun.reflect.DelegatingMethodAccessorImpl.invoke(Unknown Source)
	at java.lang.reflect.Method.invoke(Unknown Source)
	at org.eclipse.equinox.internal.app.EclipseAppContainer.callMethodWithException(EclipseAppContainer.java:587)
	at org.eclipse.equinox.internal.app.EclipseAppHandle.run(EclipseAppHandle.java:198)
	at org.eclipse.core.runtime.internal.adaptor.EclipseAppLauncher.runApplication(EclipseAppLauncher.java:134)
	at org.eclipse.core.runtime.internal.adaptor.EclipseAppLauncher.start(EclipseAppLauncher.java:104)
	at org.eclipse.core.runtime.adaptor.EclipseStarter.run(EclipseStarter.java:380)
	at org.eclipse.core.runtime.adaptor.EclipseStarter.run(EclipseStarter.java:235)
	at sun.reflect.NativeMethodAccessorImpl.invoke0(Native Method)
	at sun.reflect.NativeMethodAccessorImpl.invoke(Unknown Source)
	at sun.reflect.DelegatingMethodAccessorImpl.invoke(Unknown Source)
	at java.lang.reflect.Method.invoke(Unknown Source)
	at org.eclipse.equinox.launcher.Main.invokeFramework(Main.java:648)
	at org.eclipse.equinox.launcher.Main.basicRun(Main.java:603)
	at org.eclipse.equinox.launcher.Main.run(Main.java:1465)
	at org.eclipse.equinox.launcher.Main.main(Main.java:1438)
	at org.eclipse.core.launcher.Main.main(Main.java:34)
	at sun.reflect.NativeMethodAccessorImpl.invoke0(Native Method)
	at sun.reflect.NativeMethodAccessorImpl.invoke(Unknown Source)
	at sun.reflect.DelegatingMethodAccessorImpl.invoke(Unknown Source)
	at java.lang.reflect.Method.invoke(Unknown Source)
	at com.rational.test.ft.rational_ft.startFT(rational_ft.java:329)
	at com.rational.test.ft.rational_ft.main(rational_ft.java:186)
Caused by: java.lang.ClassNotFoundException: org/homeunix/thecave/buddi/util/OperationCancelledException
	at java.lang.Class.forName0(Native Method)
	at java.lang.Class.forName(Unknown Source)
	at net.sourceforge.cobertura.instrument.CoberturaClassWriter.getCommonSuperClass(CoberturaClassWriter.java:32)
	... 79 more
